2023-01-05 20:45:40,452 [INFO] org.studyeasy.SpringRestdemo.SpringRestdemoApplication [main] Starting SpringRestdemoApplication using Java 17.0.5 with PID 19940 (D:\Spring Boot RestfulApi project files\S03L01 - Getting started with Auth Controller, Add User api\target\classes started by chaan in D:\Spring Boot RestfulApi project files\S03L01 - Getting started with Auth Controller, Add User api)
2023-01-05 20:45:40,455 [DEBUG] org.studyeasy.SpringRestdemo.SpringRestdemoApplication [main] Running with Spring Boot v3.0.1, Spring v6.0.3
2023-01-05 20:45:40,457 [INFO] org.studyeasy.SpringRestdemo.SpringRestdemoApplication [main] No active profile set, falling back to 1 default profile: "default"
2023-01-05 20:45:41,933 [INFO] org.springframework.data.repository.config.RepositoryConfigurationDelegate [main] Bootstrapping Spring Data JPA repositories in DEFAULT mode.
2023-01-05 20:45:42,034 [INFO] org.springframework.data.repository.config.RepositoryConfigurationDelegate [main] Finished Spring Data repository scanning in 77 ms. Found 1 JPA repository interfaces.
2023-01-05 20:45:43,033 [INFO] org.springframework.boot.web.embedded.tomcat.TomcatWebServer [main] Tomcat initialized with port(s): 8080 (http)
2023-01-05 20:45:43,054 [INFO] org.apache.catalina.core.StandardService [main] Starting service [Tomcat]
2023-01-05 20:45:43,055 [INFO] org.apache.catalina.core.StandardEngine [main] Starting Servlet engine: [Apache Tomcat/10.1.4]
2023-01-05 20:45:43,206 [INFO] org.apache.catalina.core.ContainerBase.[Tomcat].[localhost].[/] [main] Initializing Spring embedded WebApplicationContext
2023-01-05 20:45:43,207 [INFO] org.springframework.boot.web.servlet.context.ServletWebServerApplicationContext [main] Root WebApplicationContext: initialization completed in 2653 ms
2023-01-05 20:45:43,248 [INFO] com.zaxxer.hikari.HikariDataSource [main] HikariPool-1 - Starting...
2023-01-05 20:45:43,517 [INFO] com.zaxxer.hikari.pool.HikariPool [main] HikariPool-1 - Added connection conn0: url=jdbc:h2:file:./db/db user=ADMIN
2023-01-05 20:45:43,520 [INFO] com.zaxxer.hikari.HikariDataSource [main] HikariPool-1 - Start completed.
2023-01-05 20:45:43,537 [INFO] org.springframework.boot.autoconfigure.h2.H2ConsoleAutoConfiguration [main] H2 console available at '/db-console'. Database available at 'jdbc:h2:file:./db/db'
2023-01-05 20:45:43,793 [INFO] org.hibernate.jpa.internal.util.LogHelper [main] HHH000204: Processing PersistenceUnitInfo [name: default]
2023-01-05 20:45:43,884 [INFO] org.hibernate.Version [main] HHH000412: Hibernate ORM core version 6.1.6.Final
2023-01-05 20:45:44,182 [WARN] org.hibernate.orm.deprecation [main] HHH90000021: Encountered deprecated setting [javax.persistence.sharedCache.mode], use [jakarta.persistence.sharedCache.mode] instead
2023-01-05 20:45:44,407 [INFO] SQL dialect [main] HHH000400: Using dialect: org.hibernate.dialect.H2Dialect
2023-01-05 20:45:45,448 [INFO] org.hibernate.engine.transaction.jta.platform.internal.JtaPlatformInitiator [main] HHH000490: Using JtaPlatform implementation: [org.hibernate.engine.transaction.jta.platform.internal.NoJtaPlatform]
2023-01-05 20:45:45,463 [INFO] org.springframework.orm.jpa.LocalContainerEntityManagerFactoryBean [main] Initialized JPA EntityManagerFactory for persistence unit 'default'
2023-01-05 20:45:46,948 [WARN] org.springframework.boot.autoconfigure.orm.jpa.JpaBaseConfiguration$JpaWebConfiguration [main] spring.jpa.open-in-view is enabled by default. Therefore, database queries may be performed during view rendering. Explicitly configure spring.jpa.open-in-view to disable this warning
2023-01-05 20:45:48,037 [INFO] org.springframework.security.web.DefaultSecurityFilterChain [main] Will secure any request with [org.springframework.security.web.session.DisableEncodeUrlFilter@6b8cdc4, org.springframework.security.web.context.request.async.WebAsyncManagerIntegrationFilter@79e28671, org.springframework.security.web.context.SecurityContextHolderFilter@108fd5d5, org.springframework.security.web.header.HeaderWriterFilter@13e5c53c, org.springframework.security.web.authentication.logout.LogoutFilter@4fae4c3b, org.springframework.security.oauth2.server.resource.web.authentication.BearerTokenAuthenticationFilter@32182bf8, org.springframework.security.web.savedrequest.RequestCacheAwareFilter@28b47211, org.springframework.security.web.servletapi.SecurityContextHolderAwareRequestFilter@43735ea0, org.springframework.security.web.authentication.AnonymousAuthenticationFilter@ad6255e, org.springframework.security.web.session.SessionManagementFilter@377cc0f8, org.springframework.security.web.access.ExceptionTranslationFilter@54e3cba2, org.springframework.security.web.access.intercept.AuthorizationFilter@9e4388d]
2023-01-05 20:45:48,395 [INFO] org.springframework.boot.web.embedded.tomcat.TomcatWebServer [main] Tomcat started on port(s): 8080 (http) with context path ''
2023-01-05 20:45:48,405 [INFO] org.studyeasy.SpringRestdemo.SpringRestdemoApplication [main] Started SpringRestdemoApplication in 8.61 seconds (process running for 9.241)
2023-01-05 20:46:00,619 [INFO] org.apache.catalina.core.ContainerBase.[Tomcat].[localhost].[/] [http-nio-8080-exec-1] Initializing Spring DispatcherServlet 'dispatcherServlet'
2023-01-05 20:46:00,619 [INFO] org.springframework.web.servlet.DispatcherServlet [http-nio-8080-exec-1] Initializing Servlet 'dispatcherServlet'
2023-01-05 20:46:00,620 [INFO] org.springframework.web.servlet.DispatcherServlet [http-nio-8080-exec-1] Completed initialization in 0 ms
2023-01-05 20:46:04,876 [INFO] org.springdoc.api.AbstractOpenApiResource [http-nio-8080-exec-10] Init duration for springdoc-openapi is: 263 ms
