2023-01-10 15:56:51,932 [INFO] org.studyeasy.SpringRestdemo.SpringRestdemoApplication [main] Starting SpringRestdemoApplication using Java 17.0.5 with PID 16084 (D:\Spring Boot RestfulApi project files\S03L07 - Spring boot Auth Controller, GET profile\target\classes started by chaan in D:\Spring Boot RestfulApi project files\S03L07 - Spring boot Auth Controller, GET profile)
2023-01-10 15:56:51,940 [DEBUG] org.studyeasy.SpringRestdemo.SpringRestdemoApplication [main] Running with Spring Boot v3.0.1, Spring v6.0.3
2023-01-10 15:56:51,941 [INFO] org.studyeasy.SpringRestdemo.SpringRestdemoApplication [main] No active profile set, falling back to 1 default profile: "default"
2023-01-10 15:56:53,584 [INFO] org.springframework.data.repository.config.RepositoryConfigurationDelegate [main] Bootstrapping Spring Data JPA repositories in DEFAULT mode.
2023-01-10 15:56:53,666 [INFO] org.springframework.data.repository.config.RepositoryConfigurationDelegate [main] Finished Spring Data repository scanning in 68 ms. Found 1 JPA repository interfaces.
2023-01-10 15:56:54,843 [INFO] org.springframework.boot.web.embedded.tomcat.TomcatWebServer [main] Tomcat initialized with port(s): 8080 (http)
2023-01-10 15:56:54,865 [INFO] org.apache.catalina.core.StandardService [main] Starting service [Tomcat]
2023-01-10 15:56:54,866 [INFO] org.apache.catalina.core.StandardEngine [main] Starting Servlet engine: [Apache Tomcat/10.1.4]
2023-01-10 15:56:55,026 [INFO] org.apache.catalina.core.ContainerBase.[Tomcat].[localhost].[/] [main] Initializing Spring embedded WebApplicationContext
2023-01-10 15:56:55,027 [INFO] org.springframework.boot.web.servlet.context.ServletWebServerApplicationContext [main] Root WebApplicationContext: initialization completed in 2963 ms
2023-01-10 15:56:55,082 [INFO] com.zaxxer.hikari.HikariDataSource [main] HikariPool-1 - Starting...
2023-01-10 15:56:55,418 [INFO] com.zaxxer.hikari.pool.HikariPool [main] HikariPool-1 - Added connection conn0: url=jdbc:h2:file:./db/db user=ADMIN
2023-01-10 15:56:55,422 [INFO] com.zaxxer.hikari.HikariDataSource [main] HikariPool-1 - Start completed.
2023-01-10 15:56:55,450 [INFO] org.springframework.boot.autoconfigure.h2.H2ConsoleAutoConfiguration [main] H2 console available at '/db-console'. Database available at 'jdbc:h2:file:./db/db'
2023-01-10 15:56:55,675 [INFO] org.hibernate.jpa.internal.util.LogHelper [main] HHH000204: Processing PersistenceUnitInfo [name: default]
2023-01-10 15:56:55,775 [INFO] org.hibernate.Version [main] HHH000412: Hibernate ORM core version 6.1.6.Final
2023-01-10 15:56:56,118 [WARN] org.hibernate.orm.deprecation [main] HHH90000021: Encountered deprecated setting [javax.persistence.sharedCache.mode], use [jakarta.persistence.sharedCache.mode] instead
2023-01-10 15:56:56,372 [INFO] SQL dialect [main] HHH000400: Using dialect: org.hibernate.dialect.H2Dialect
2023-01-10 15:56:57,860 [INFO] org.hibernate.engine.transaction.jta.platform.internal.JtaPlatformInitiator [main] HHH000490: Using JtaPlatform implementation: [org.hibernate.engine.transaction.jta.platform.internal.NoJtaPlatform]
2023-01-10 15:56:57,900 [INFO] org.springframework.orm.jpa.LocalContainerEntityManagerFactoryBean [main] Initialized JPA EntityManagerFactory for persistence unit 'default'
2023-01-10 15:56:59,887 [WARN] org.springframework.boot.autoconfigure.orm.jpa.JpaBaseConfiguration$JpaWebConfiguration [main] spring.jpa.open-in-view is enabled by default. Therefore, database queries may be performed during view rendering. Explicitly configure spring.jpa.open-in-view to disable this warning
2023-01-10 15:57:01,317 [INFO] org.springframework.security.web.DefaultSecurityFilterChain [main] Will secure any request with [org.springframework.security.web.session.DisableEncodeUrlFilter@2ebd6a0d, org.springframework.security.web.context.request.async.WebAsyncManagerIntegrationFilter@714d7c7b, org.springframework.security.web.context.SecurityContextHolderFilter@1e987f59, org.springframework.security.web.header.HeaderWriterFilter@4125bc3c, org.springframework.security.web.authentication.logout.LogoutFilter@3792fed8, org.springframework.security.oauth2.server.resource.web.authentication.BearerTokenAuthenticationFilter@22942eff, org.springframework.security.web.savedrequest.RequestCacheAwareFilter@4ee1c29a, org.springframework.security.web.servletapi.SecurityContextHolderAwareRequestFilter@5134a7d6, org.springframework.security.web.authentication.AnonymousAuthenticationFilter@72ad577b, org.springframework.security.web.session.SessionManagementFilter@58ebfbcb, org.springframework.security.web.access.ExceptionTranslationFilter@fbdba1c, org.springframework.security.web.access.intercept.AuthorizationFilter@6b8cdc4]
2023-01-10 15:57:01,991 [INFO] org.springframework.boot.web.embedded.tomcat.TomcatWebServer [main] Tomcat started on port(s): 8080 (http) with context path ''
2023-01-10 15:57:02,026 [INFO] org.studyeasy.SpringRestdemo.SpringRestdemoApplication [main] Started SpringRestdemoApplication in 10.759 seconds (process running for 11.338)
2023-01-10 15:57:07,583 [INFO] org.apache.catalina.core.ContainerBase.[Tomcat].[localhost].[/] [http-nio-8080-exec-1] Initializing Spring DispatcherServlet 'dispatcherServlet'
2023-01-10 15:57:07,586 [INFO] org.springframework.web.servlet.DispatcherServlet [http-nio-8080-exec-1] Initializing Servlet 'dispatcherServlet'
2023-01-10 15:57:07,589 [INFO] org.springframework.web.servlet.DispatcherServlet [http-nio-8080-exec-1] Completed initialization in 2 ms
2023-01-10 15:57:08,440 [INFO] org.springdoc.api.AbstractOpenApiResource [http-nio-8080-exec-10] Init duration for springdoc-openapi is: 411 ms
2023-01-10 15:58:25,698 [INFO] org.studyeasy.SpringRestdemo.SpringRestdemoApplication [main] Starting SpringRestdemoApplication using Java 17.0.5 with PID 27796 (D:\Spring Boot RestfulApi project files\S03L07 - Spring boot Auth Controller, GET profile\target\classes started by chaan in D:\Spring Boot RestfulApi project files\S03L07 - Spring boot Auth Controller, GET profile)
2023-01-10 15:58:25,713 [DEBUG] org.studyeasy.SpringRestdemo.SpringRestdemoApplication [main] Running with Spring Boot v3.0.1, Spring v6.0.3
2023-01-10 15:58:25,717 [INFO] org.studyeasy.SpringRestdemo.SpringRestdemoApplication [main] No active profile set, falling back to 1 default profile: "default"
2023-01-10 15:58:27,343 [INFO] org.springframework.data.repository.config.RepositoryConfigurationDelegate [main] Bootstrapping Spring Data JPA repositories in DEFAULT mode.
2023-01-10 15:58:27,448 [INFO] org.springframework.data.repository.config.RepositoryConfigurationDelegate [main] Finished Spring Data repository scanning in 70 ms. Found 1 JPA repository interfaces.
2023-01-10 15:58:28,384 [INFO] org.springframework.boot.web.embedded.tomcat.TomcatWebServer [main] Tomcat initialized with port(s): 8080 (http)
2023-01-10 15:58:28,401 [INFO] org.apache.catalina.core.StandardService [main] Starting service [Tomcat]
2023-01-10 15:58:28,402 [INFO] org.apache.catalina.core.StandardEngine [main] Starting Servlet engine: [Apache Tomcat/10.1.4]
2023-01-10 15:58:28,579 [INFO] org.apache.catalina.core.ContainerBase.[Tomcat].[localhost].[/] [main] Initializing Spring embedded WebApplicationContext
2023-01-10 15:58:28,580 [INFO] org.springframework.boot.web.servlet.context.ServletWebServerApplicationContext [main] Root WebApplicationContext: initialization completed in 2766 ms
2023-01-10 15:58:28,641 [INFO] com.zaxxer.hikari.HikariDataSource [main] HikariPool-1 - Starting...
2023-01-10 15:58:29,021 [INFO] com.zaxxer.hikari.pool.HikariPool [main] HikariPool-1 - Added connection conn0: url=jdbc:h2:file:./db/db user=ADMIN
2023-01-10 15:58:29,024 [INFO] com.zaxxer.hikari.HikariDataSource [main] HikariPool-1 - Start completed.
2023-01-10 15:58:29,047 [INFO] org.springframework.boot.autoconfigure.h2.H2ConsoleAutoConfiguration [main] H2 console available at '/db-console'. Database available at 'jdbc:h2:file:./db/db'
2023-01-10 15:58:29,281 [INFO] org.hibernate.jpa.internal.util.LogHelper [main] HHH000204: Processing PersistenceUnitInfo [name: default]
2023-01-10 15:58:29,407 [INFO] org.hibernate.Version [main] HHH000412: Hibernate ORM core version 6.1.6.Final
2023-01-10 15:58:29,700 [WARN] org.hibernate.orm.deprecation [main] HHH90000021: Encountered deprecated setting [javax.persistence.sharedCache.mode], use [jakarta.persistence.sharedCache.mode] instead
2023-01-10 15:58:29,923 [INFO] SQL dialect [main] HHH000400: Using dialect: org.hibernate.dialect.H2Dialect
2023-01-10 15:58:31,054 [INFO] org.hibernate.engine.transaction.jta.platform.internal.JtaPlatformInitiator [main] HHH000490: Using JtaPlatform implementation: [org.hibernate.engine.transaction.jta.platform.internal.NoJtaPlatform]
2023-01-10 15:58:31,071 [INFO] org.springframework.orm.jpa.LocalContainerEntityManagerFactoryBean [main] Initialized JPA EntityManagerFactory for persistence unit 'default'
2023-01-10 15:58:32,438 [WARN] org.springframework.boot.autoconfigure.orm.jpa.JpaBaseConfiguration$JpaWebConfiguration [main] spring.jpa.open-in-view is enabled by default. Therefore, database queries may be performed during view rendering. Explicitly configure spring.jpa.open-in-view to disable this warning
2023-01-10 15:58:33,590 [INFO] org.springframework.security.web.DefaultSecurityFilterChain [main] Will secure any request with [org.springframework.security.web.session.DisableEncodeUrlFilter@4c31b6c2, org.springframework.security.web.context.request.async.WebAsyncManagerIntegrationFilter@5605a59b, org.springframework.security.web.context.SecurityContextHolderFilter@5f32de90, org.springframework.security.web.header.HeaderWriterFilter@48dc9950, org.springframework.security.web.authentication.logout.LogoutFilter@4e312811, org.springframework.security.oauth2.server.resource.web.authentication.BearerTokenAuthenticationFilter@72ad577b, org.springframework.security.web.savedrequest.RequestCacheAwareFilter@5134a7d6, org.springframework.security.web.servletapi.SecurityContextHolderAwareRequestFilter@1d722bff, org.springframework.security.web.authentication.AnonymousAuthenticationFilter@4e8b36af, org.springframework.security.web.session.SessionManagementFilter@192aeae2, org.springframework.security.web.access.ExceptionTranslationFilter@4abb4041, org.springframework.security.web.access.intercept.AuthorizationFilter@488c6c98]
2023-01-10 15:58:34,022 [INFO] org.springframework.boot.web.embedded.tomcat.TomcatWebServer [main] Tomcat started on port(s): 8080 (http) with context path ''
2023-01-10 15:58:34,046 [INFO] org.studyeasy.SpringRestdemo.SpringRestdemoApplication [main] Started SpringRestdemoApplication in 9.08 seconds (process running for 9.738)
2023-01-10 15:58:35,598 [INFO] org.apache.catalina.core.ContainerBase.[Tomcat].[localhost].[/] [http-nio-8080-exec-1] Initializing Spring DispatcherServlet 'dispatcherServlet'
2023-01-10 15:58:35,599 [INFO] org.springframework.web.servlet.DispatcherServlet [http-nio-8080-exec-1] Initializing Servlet 'dispatcherServlet'
2023-01-10 15:58:35,600 [INFO] org.springframework.web.servlet.DispatcherServlet [http-nio-8080-exec-1] Completed initialization in 1 ms
2023-01-10 15:58:36,384 [INFO] org.springdoc.api.AbstractOpenApiResource [http-nio-8080-exec-9] Init duration for springdoc-openapi is: 397 ms
