2023-01-21 01:30:15,710 [INFO] org.studyeasy.SpringRestdemo.SpringRestdemoApplication [main] Starting SpringRestdemoApplication using Java 17.0.5 with PID 32196 (D:\Spring Boot RestfulApi project files\S04L02 - Build add album api, Spring Boot\target\classes started by chaan in D:\Spring Boot RestfulApi project files\S04L02 - Build add album api, Spring Boot)
2023-01-21 01:30:15,724 [DEBUG] org.studyeasy.SpringRestdemo.SpringRestdemoApplication [main] Running with Spring Boot v3.0.1, Spring v6.0.3
2023-01-21 01:30:15,726 [INFO] org.studyeasy.SpringRestdemo.SpringRestdemoApplication [main] No active profile set, falling back to 1 default profile: "default"
2023-01-21 01:30:17,210 [INFO] org.springframework.data.repository.config.RepositoryConfigurationDelegate [main] Bootstrapping Spring Data JPA repositories in DEFAULT mode.
2023-01-21 01:30:17,307 [INFO] org.springframework.data.repository.config.RepositoryConfigurationDelegate [main] Finished Spring Data repository scanning in 80 ms. Found 2 JPA repository interfaces.
2023-01-21 01:30:18,228 [INFO] org.springframework.boot.web.embedded.tomcat.TomcatWebServer [main] Tomcat initialized with port(s): 8080 (http)
2023-01-21 01:30:18,254 [INFO] org.apache.catalina.core.StandardService [main] Starting service [Tomcat]
2023-01-21 01:30:18,255 [INFO] org.apache.catalina.core.StandardEngine [main] Starting Servlet engine: [Apache Tomcat/10.1.4]
2023-01-21 01:30:18,428 [INFO] org.apache.catalina.core.ContainerBase.[Tomcat].[localhost].[/] [main] Initializing Spring embedded WebApplicationContext
2023-01-21 01:30:18,430 [INFO] org.springframework.boot.web.servlet.context.ServletWebServerApplicationContext [main] Root WebApplicationContext: initialization completed in 2589 ms
2023-01-21 01:30:18,477 [INFO] com.zaxxer.hikari.HikariDataSource [main] HikariPool-1 - Starting...
2023-01-21 01:30:18,746 [INFO] com.zaxxer.hikari.pool.HikariPool [main] HikariPool-1 - Added connection conn0: url=jdbc:h2:file:./db/db user=ADMIN
2023-01-21 01:30:18,748 [INFO] com.zaxxer.hikari.HikariDataSource [main] HikariPool-1 - Start completed.
2023-01-21 01:30:18,771 [INFO] org.springframework.boot.autoconfigure.h2.H2ConsoleAutoConfiguration [main] H2 console available at '/db-console'. Database available at 'jdbc:h2:file:./db/db'
2023-01-21 01:30:19,004 [INFO] org.hibernate.jpa.internal.util.LogHelper [main] HHH000204: Processing PersistenceUnitInfo [name: default]
2023-01-21 01:30:19,092 [INFO] org.hibernate.Version [main] HHH000412: Hibernate ORM core version 6.1.6.Final
2023-01-21 01:30:19,425 [WARN] org.hibernate.orm.deprecation [main] HHH90000021: Encountered deprecated setting [javax.persistence.sharedCache.mode], use [jakarta.persistence.sharedCache.mode] instead
2023-01-21 01:30:19,674 [INFO] SQL dialect [main] HHH000400: Using dialect: org.hibernate.dialect.H2Dialect
2023-01-21 01:30:20,760 [INFO] org.hibernate.engine.transaction.jta.platform.internal.JtaPlatformInitiator [main] HHH000490: Using JtaPlatform implementation: [org.hibernate.engine.transaction.jta.platform.internal.NoJtaPlatform]
2023-01-21 01:30:20,770 [INFO] org.springframework.orm.jpa.LocalContainerEntityManagerFactoryBean [main] Initialized JPA EntityManagerFactory for persistence unit 'default'
2023-01-21 01:30:21,957 [WARN] org.springframework.boot.autoconfigure.orm.jpa.JpaBaseConfiguration$JpaWebConfiguration [main] spring.jpa.open-in-view is enabled by default. Therefore, database queries may be performed during view rendering. Explicitly configure spring.jpa.open-in-view to disable this warning
2023-01-21 01:30:22,960 [INFO] org.springframework.security.web.DefaultSecurityFilterChain [main] Will secure any request with [org.springframework.security.web.session.DisableEncodeUrlFilter@26d02dc6, org.springframework.security.web.context.request.async.WebAsyncManagerIntegrationFilter@24d7c365, org.springframework.security.web.context.SecurityContextHolderFilter@87df88d, org.springframework.security.web.header.HeaderWriterFilter@62f3ad90, org.springframework.security.web.authentication.logout.LogoutFilter@1c149539, org.springframework.security.oauth2.server.resource.web.authentication.BearerTokenAuthenticationFilter@55bafbc1, org.springframework.security.web.savedrequest.RequestCacheAwareFilter@28da5c4d, org.springframework.security.web.servletapi.SecurityContextHolderAwareRequestFilter@762d2e4c, org.springframework.security.web.authentication.AnonymousAuthenticationFilter@26b150cd, org.springframework.security.web.session.SessionManagementFilter@2b0d818d, org.springframework.security.web.access.ExceptionTranslationFilter@6fe33512, org.springframework.security.web.access.intercept.AuthorizationFilter@2662e3ff]
2023-01-21 01:30:23,378 [INFO] org.springframework.boot.web.embedded.tomcat.TomcatWebServer [main] Tomcat started on port(s): 8080 (http) with context path ''
2023-01-21 01:30:23,398 [INFO] org.studyeasy.SpringRestdemo.SpringRestdemoApplication [main] Started SpringRestdemoApplication in 8.3 seconds (process running for 8.887)
2023-01-21 01:30:35,432 [INFO] org.apache.catalina.core.ContainerBase.[Tomcat].[localhost].[/] [http-nio-8080-exec-1] Initializing Spring DispatcherServlet 'dispatcherServlet'
2023-01-21 01:30:35,432 [INFO] org.springframework.web.servlet.DispatcherServlet [http-nio-8080-exec-1] Initializing Servlet 'dispatcherServlet'
2023-01-21 01:30:35,434 [INFO] org.springframework.web.servlet.DispatcherServlet [http-nio-8080-exec-1] Completed initialization in 2 ms
2023-01-21 01:30:36,242 [INFO] org.springdoc.api.AbstractOpenApiResource [http-nio-8080-exec-8] Init duration for springdoc-openapi is: 409 ms
2023-01-21 02:19:24,579 [INFO] org.studyeasy.SpringRestdemo.SpringRestdemoApplication [main] Starting SpringRestdemoApplication using Java 17.0.5 with PID 22960 (D:\Spring Boot RestfulApi project files\S04L03 - Build view albums api, Spring Boot\target\classes started by chaan in D:\Spring Boot RestfulApi project files\S04L03 - Build view albums api, Spring Boot)
2023-01-21 02:19:24,582 [DEBUG] org.studyeasy.SpringRestdemo.SpringRestdemoApplication [main] Running with Spring Boot v3.0.1, Spring v6.0.3
2023-01-21 02:19:24,583 [INFO] org.studyeasy.SpringRestdemo.SpringRestdemoApplication [main] No active profile set, falling back to 1 default profile: "default"
2023-01-21 02:19:26,382 [INFO] org.springframework.data.repository.config.RepositoryConfigurationDelegate [main] Bootstrapping Spring Data JPA repositories in DEFAULT mode.
2023-01-21 02:19:26,499 [INFO] org.springframework.data.repository.config.RepositoryConfigurationDelegate [main] Finished Spring Data repository scanning in 103 ms. Found 2 JPA repository interfaces.
2023-01-21 02:19:27,628 [INFO] org.springframework.boot.web.embedded.tomcat.TomcatWebServer [main] Tomcat initialized with port(s): 8080 (http)
2023-01-21 02:19:27,643 [INFO] org.apache.catalina.core.StandardService [main] Starting service [Tomcat]
2023-01-21 02:19:27,645 [INFO] org.apache.catalina.core.StandardEngine [main] Starting Servlet engine: [Apache Tomcat/10.1.4]
2023-01-21 02:19:27,810 [INFO] org.apache.catalina.core.ContainerBase.[Tomcat].[localhost].[/] [main] Initializing Spring embedded WebApplicationContext
2023-01-21 02:19:27,811 [INFO] org.springframework.boot.web.servlet.context.ServletWebServerApplicationContext [main] Root WebApplicationContext: initialization completed in 3133 ms
2023-01-21 02:19:27,875 [INFO] com.zaxxer.hikari.HikariDataSource [main] HikariPool-1 - Starting...
2023-01-21 02:19:28,166 [INFO] com.zaxxer.hikari.pool.HikariPool [main] HikariPool-1 - Added connection conn0: url=jdbc:h2:file:./db/db user=ADMIN
2023-01-21 02:19:28,171 [INFO] com.zaxxer.hikari.HikariDataSource [main] HikariPool-1 - Start completed.
2023-01-21 02:19:28,204 [INFO] org.springframework.boot.autoconfigure.h2.H2ConsoleAutoConfiguration [main] H2 console available at '/db-console'. Database available at 'jdbc:h2:file:./db/db'
2023-01-21 02:19:28,438 [INFO] org.hibernate.jpa.internal.util.LogHelper [main] HHH000204: Processing PersistenceUnitInfo [name: default]
2023-01-21 02:19:28,523 [INFO] org.hibernate.Version [main] HHH000412: Hibernate ORM core version 6.1.6.Final
2023-01-21 02:19:28,865 [WARN] org.hibernate.orm.deprecation [main] HHH90000021: Encountered deprecated setting [javax.persistence.sharedCache.mode], use [jakarta.persistence.sharedCache.mode] instead
2023-01-21 02:19:29,105 [INFO] SQL dialect [main] HHH000400: Using dialect: org.hibernate.dialect.H2Dialect
2023-01-21 02:19:30,273 [INFO] org.hibernate.engine.transaction.jta.platform.internal.JtaPlatformInitiator [main] HHH000490: Using JtaPlatform implementation: [org.hibernate.engine.transaction.jta.platform.internal.NoJtaPlatform]
2023-01-21 02:19:30,286 [INFO] org.springframework.orm.jpa.LocalContainerEntityManagerFactoryBean [main] Initialized JPA EntityManagerFactory for persistence unit 'default'
2023-01-21 02:19:31,428 [WARN] org.springframework.boot.autoconfigure.orm.jpa.JpaBaseConfiguration$JpaWebConfiguration [main] spring.jpa.open-in-view is enabled by default. Therefore, database queries may be performed during view rendering. Explicitly configure spring.jpa.open-in-view to disable this warning
2023-01-21 02:19:32,593 [INFO] org.springframework.security.web.DefaultSecurityFilterChain [main] Will secure any request with [org.springframework.security.web.session.DisableEncodeUrlFilter@19a4cdea, org.springframework.security.web.context.request.async.WebAsyncManagerIntegrationFilter@434a2a10, org.springframework.security.web.context.SecurityContextHolderFilter@60510791, org.springframework.security.web.header.HeaderWriterFilter@56bf6f1e, org.springframework.security.web.authentication.logout.LogoutFilter@1aba8978, org.springframework.security.oauth2.server.resource.web.authentication.BearerTokenAuthenticationFilter@732bb49d, org.springframework.security.web.savedrequest.RequestCacheAwareFilter@a1689e8, org.springframework.security.web.servletapi.SecurityContextHolderAwareRequestFilter@3cf1b5fb, org.springframework.security.web.authentication.AnonymousAuthenticationFilter@6debf1b8, org.springframework.security.web.session.SessionManagementFilter@cef23a8, org.springframework.security.web.access.ExceptionTranslationFilter@2c7ac998, org.springframework.security.web.access.intercept.AuthorizationFilter@32eac39b]
2023-01-21 02:19:33,017 [INFO] org.springframework.boot.web.embedded.tomcat.TomcatWebServer [main] Tomcat started on port(s): 8080 (http) with context path ''
2023-01-21 02:19:33,033 [INFO] org.studyeasy.SpringRestdemo.SpringRestdemoApplication [main] Started SpringRestdemoApplication in 9.115 seconds (process running for 9.709)
2023-01-21 02:19:33,138 [INFO] org.apache.catalina.core.ContainerBase.[Tomcat].[localhost].[/] [http-nio-8080-exec-1] Initializing Spring DispatcherServlet 'dispatcherServlet'
2023-01-21 02:19:33,139 [INFO] org.springframework.web.servlet.DispatcherServlet [http-nio-8080-exec-1] Initializing Servlet 'dispatcherServlet'
2023-01-21 02:19:33,142 [INFO] org.springframework.web.servlet.DispatcherServlet [http-nio-8080-exec-1] Completed initialization in 1 ms
2023-01-21 02:19:33,992 [INFO] org.springdoc.api.AbstractOpenApiResource [http-nio-8080-exec-9] Init duration for springdoc-openapi is: 374 ms
