2023-01-10 13:25:26,513 [INFO] org.studyeasy.SpringRestdemo.SpringRestdemoApplication [main] Starting SpringRestdemoApplication using Java 17.0.5 with PID 14532 (D:\Spring Boot RestfulApi project files\S03L06 - Spring boot Auth Controller, API Authorization explained\target\classes started by chaan in D:\Spring Boot RestfulApi project files\S03L06 - Spring boot Auth Controller, API Authorization explained)
2023-01-10 13:25:26,538 [DEBUG] org.studyeasy.SpringRestdemo.SpringRestdemoApplication [main] Running with Spring Boot v3.0.1, Spring v6.0.3
2023-01-10 13:25:26,541 [INFO] org.studyeasy.SpringRestdemo.SpringRestdemoApplication [main] No active profile set, falling back to 1 default profile: "default"
2023-01-10 13:25:28,088 [INFO] org.springframework.data.repository.config.RepositoryConfigurationDelegate [main] Bootstrapping Spring Data JPA repositories in DEFAULT mode.
2023-01-10 13:25:28,179 [INFO] org.springframework.data.repository.config.RepositoryConfigurationDelegate [main] Finished Spring Data repository scanning in 72 ms. Found 1 JPA repository interfaces.
2023-01-10 13:25:29,409 [INFO] org.springframework.boot.web.embedded.tomcat.TomcatWebServer [main] Tomcat initialized with port(s): 8080 (http)
2023-01-10 13:25:29,432 [INFO] org.apache.catalina.core.StandardService [main] Starting service [Tomcat]
2023-01-10 13:25:29,433 [INFO] org.apache.catalina.core.StandardEngine [main] Starting Servlet engine: [Apache Tomcat/10.1.4]
2023-01-10 13:25:29,622 [INFO] org.apache.catalina.core.ContainerBase.[Tomcat].[localhost].[/] [main] Initializing Spring embedded WebApplicationContext
2023-01-10 13:25:29,623 [INFO] org.springframework.boot.web.servlet.context.ServletWebServerApplicationContext [main] Root WebApplicationContext: initialization completed in 2953 ms
2023-01-10 13:25:29,682 [INFO] com.zaxxer.hikari.HikariDataSource [main] HikariPool-1 - Starting...
2023-01-10 13:25:30,053 [INFO] com.zaxxer.hikari.pool.HikariPool [main] HikariPool-1 - Added connection conn0: url=jdbc:h2:file:./db/db user=ADMIN
2023-01-10 13:25:30,056 [INFO] com.zaxxer.hikari.HikariDataSource [main] HikariPool-1 - Start completed.
2023-01-10 13:25:30,093 [INFO] org.springframework.boot.autoconfigure.h2.H2ConsoleAutoConfiguration [main] H2 console available at '/db-console'. Database available at 'jdbc:h2:file:./db/db'
2023-01-10 13:25:30,369 [INFO] org.hibernate.jpa.internal.util.LogHelper [main] HHH000204: Processing PersistenceUnitInfo [name: default]
2023-01-10 13:25:30,496 [INFO] org.hibernate.Version [main] HHH000412: Hibernate ORM core version 6.1.6.Final
2023-01-10 13:25:30,788 [WARN] org.hibernate.orm.deprecation [main] HHH90000021: Encountered deprecated setting [javax.persistence.sharedCache.mode], use [jakarta.persistence.sharedCache.mode] instead
2023-01-10 13:25:31,051 [INFO] SQL dialect [main] HHH000400: Using dialect: org.hibernate.dialect.H2Dialect
2023-01-10 13:25:32,161 [INFO] org.hibernate.engine.transaction.jta.platform.internal.JtaPlatformInitiator [main] HHH000490: Using JtaPlatform implementation: [org.hibernate.engine.transaction.jta.platform.internal.NoJtaPlatform]
2023-01-10 13:25:32,170 [INFO] org.springframework.orm.jpa.LocalContainerEntityManagerFactoryBean [main] Initialized JPA EntityManagerFactory for persistence unit 'default'
2023-01-10 13:25:33,588 [WARN] org.springframework.boot.autoconfigure.orm.jpa.JpaBaseConfiguration$JpaWebConfiguration [main] spring.jpa.open-in-view is enabled by default. Therefore, database queries may be performed during view rendering. Explicitly configure spring.jpa.open-in-view to disable this warning
2023-01-10 13:25:35,427 [INFO] org.springframework.security.web.DefaultSecurityFilterChain [main] Will secure any request with [org.springframework.security.web.session.DisableEncodeUrlFilter@260043d, org.springframework.security.web.context.request.async.WebAsyncManagerIntegrationFilter@3338d29d, org.springframework.security.web.context.SecurityContextHolderFilter@d62feaf, org.springframework.security.web.header.HeaderWriterFilter@128d397c, org.springframework.security.web.authentication.logout.LogoutFilter@5f32de90, org.springframework.security.oauth2.server.resource.web.authentication.BearerTokenAuthenticationFilter@21399e53, org.springframework.security.web.savedrequest.RequestCacheAwareFilter@73a88711, org.springframework.security.web.servletapi.SecurityContextHolderAwareRequestFilter@5c59dfc7, org.springframework.security.web.authentication.AnonymousAuthenticationFilter@5e1e19af, org.springframework.security.web.session.SessionManagementFilter@13e5c53c, org.springframework.security.web.access.ExceptionTranslationFilter@5318731f, org.springframework.security.web.access.intercept.AuthorizationFilter@20e9b10b]
2023-01-10 13:25:36,279 [INFO] org.springframework.boot.web.embedded.tomcat.TomcatWebServer [main] Tomcat started on port(s): 8080 (http) with context path ''
2023-01-10 13:25:36,302 [INFO] org.studyeasy.SpringRestdemo.SpringRestdemoApplication [main] Started SpringRestdemoApplication in 10.749 seconds (process running for 11.55)
2023-01-10 13:25:40,919 [INFO] org.apache.catalina.core.ContainerBase.[Tomcat].[localhost].[/] [http-nio-8080-exec-1] Initializing Spring DispatcherServlet 'dispatcherServlet'
2023-01-10 13:25:40,932 [INFO] org.springframework.web.servlet.DispatcherServlet [http-nio-8080-exec-1] Initializing Servlet 'dispatcherServlet'
2023-01-10 13:25:40,936 [INFO] org.springframework.web.servlet.DispatcherServlet [http-nio-8080-exec-1] Completed initialization in 1 ms
2023-01-10 13:25:41,687 [INFO] org.springdoc.api.AbstractOpenApiResource [http-nio-8080-exec-8] Init duration for springdoc-openapi is: 352 ms
2023-01-10 13:27:15,463 [INFO] org.studyeasy.SpringRestdemo.SpringRestdemoApplication [main] Starting SpringRestdemoApplication using Java 17.0.5 with PID 17968 (D:\Spring Boot RestfulApi project files\S03L06 - Spring boot Auth Controller, API Authorization explained\target\classes started by chaan in D:\Spring Boot RestfulApi project files\S03L06 - Spring boot Auth Controller, API Authorization explained)
2023-01-10 13:27:15,478 [DEBUG] org.studyeasy.SpringRestdemo.SpringRestdemoApplication [main] Running with Spring Boot v3.0.1, Spring v6.0.3
2023-01-10 13:27:15,481 [INFO] org.studyeasy.SpringRestdemo.SpringRestdemoApplication [main] No active profile set, falling back to 1 default profile: "default"
2023-01-10 13:27:17,087 [INFO] org.springframework.data.repository.config.RepositoryConfigurationDelegate [main] Bootstrapping Spring Data JPA repositories in DEFAULT mode.
2023-01-10 13:27:17,191 [INFO] org.springframework.data.repository.config.RepositoryConfigurationDelegate [main] Finished Spring Data repository scanning in 86 ms. Found 1 JPA repository interfaces.
2023-01-10 13:27:18,131 [INFO] org.springframework.boot.web.embedded.tomcat.TomcatWebServer [main] Tomcat initialized with port(s): 8080 (http)
2023-01-10 13:27:18,158 [INFO] org.apache.catalina.core.StandardService [main] Starting service [Tomcat]
2023-01-10 13:27:18,160 [INFO] org.apache.catalina.core.StandardEngine [main] Starting Servlet engine: [Apache Tomcat/10.1.4]
2023-01-10 13:27:18,318 [INFO] org.apache.catalina.core.ContainerBase.[Tomcat].[localhost].[/] [main] Initializing Spring embedded WebApplicationContext
2023-01-10 13:27:18,319 [INFO] org.springframework.boot.web.servlet.context.ServletWebServerApplicationContext [main] Root WebApplicationContext: initialization completed in 2752 ms
2023-01-10 13:27:18,378 [INFO] com.zaxxer.hikari.HikariDataSource [main] HikariPool-1 - Starting...
2023-01-10 13:27:18,689 [INFO] com.zaxxer.hikari.pool.HikariPool [main] HikariPool-1 - Added connection conn0: url=jdbc:h2:file:./db/db user=ADMIN
2023-01-10 13:27:18,692 [INFO] com.zaxxer.hikari.HikariDataSource [main] HikariPool-1 - Start completed.
2023-01-10 13:27:18,706 [INFO] org.springframework.boot.autoconfigure.h2.H2ConsoleAutoConfiguration [main] H2 console available at '/db-console'. Database available at 'jdbc:h2:file:./db/db'
2023-01-10 13:27:18,905 [INFO] org.hibernate.jpa.internal.util.LogHelper [main] HHH000204: Processing PersistenceUnitInfo [name: default]
2023-01-10 13:27:19,007 [INFO] org.hibernate.Version [main] HHH000412: Hibernate ORM core version 6.1.6.Final
2023-01-10 13:27:19,292 [WARN] org.hibernate.orm.deprecation [main] HHH90000021: Encountered deprecated setting [javax.persistence.sharedCache.mode], use [jakarta.persistence.sharedCache.mode] instead
2023-01-10 13:27:19,522 [INFO] SQL dialect [main] HHH000400: Using dialect: org.hibernate.dialect.H2Dialect
2023-01-10 13:27:20,701 [INFO] org.hibernate.engine.transaction.jta.platform.internal.JtaPlatformInitiator [main] HHH000490: Using JtaPlatform implementation: [org.hibernate.engine.transaction.jta.platform.internal.NoJtaPlatform]
2023-01-10 13:27:20,724 [INFO] org.springframework.orm.jpa.LocalContainerEntityManagerFactoryBean [main] Initialized JPA EntityManagerFactory for persistence unit 'default'
2023-01-10 13:27:21,951 [WARN] org.springframework.boot.autoconfigure.orm.jpa.JpaBaseConfiguration$JpaWebConfiguration [main] spring.jpa.open-in-view is enabled by default. Therefore, database queries may be performed during view rendering. Explicitly configure spring.jpa.open-in-view to disable this warning
2023-01-10 13:27:23,127 [INFO] org.springframework.security.web.DefaultSecurityFilterChain [main] Will secure any request with [org.springframework.security.web.session.DisableEncodeUrlFilter@72c29d87, org.springframework.security.web.context.request.async.WebAsyncManagerIntegrationFilter@2835b3d1, org.springframework.security.web.context.SecurityContextHolderFilter@c76762, org.springframework.security.web.header.HeaderWriterFilter@11c40a65, org.springframework.security.web.authentication.logout.LogoutFilter@28b47211, org.springframework.security.oauth2.server.resource.web.authentication.BearerTokenAuthenticationFilter@690c3b1f, org.springframework.security.web.savedrequest.RequestCacheAwareFilter@2db82155, org.springframework.security.web.servletapi.SecurityContextHolderAwareRequestFilter@55849272, org.springframework.security.web.authentication.AnonymousAuthenticationFilter@20e9b10b, org.springframework.security.web.session.SessionManagementFilter@80b70fd, org.springframework.security.web.access.ExceptionTranslationFilter@3a286095, org.springframework.security.web.access.intercept.AuthorizationFilter@2480acc3]
2023-01-10 13:27:23,579 [INFO] org.springframework.boot.web.embedded.tomcat.TomcatWebServer [main] Tomcat started on port(s): 8080 (http) with context path ''
2023-01-10 13:27:23,608 [INFO] org.studyeasy.SpringRestdemo.SpringRestdemoApplication [main] Started SpringRestdemoApplication in 8.799 seconds (process running for 9.439)
2023-01-10 13:27:31,349 [INFO] org.apache.catalina.core.ContainerBase.[Tomcat].[localhost].[/] [http-nio-8080-exec-1] Initializing Spring DispatcherServlet 'dispatcherServlet'
2023-01-10 13:27:31,361 [INFO] org.springframework.web.servlet.DispatcherServlet [http-nio-8080-exec-1] Initializing Servlet 'dispatcherServlet'
2023-01-10 13:27:31,364 [INFO] org.springframework.web.servlet.DispatcherServlet [http-nio-8080-exec-1] Completed initialization in 2 ms
2023-01-10 13:28:16,530 [INFO] org.springdoc.api.AbstractOpenApiResource [http-nio-8080-exec-10] Init duration for springdoc-openapi is: 262 ms
