2023-01-09 19:24:43,600 [INFO] org.studyeasy.SpringRestdemo.SpringRestdemoApplication [main] Starting SpringRestdemoApplication using Java 17.0.5 with PID 24788 (D:\Spring Boot RestfulApi project files\S03L04 - Spring boot Auth Controller, List users\target\classes started by chaan in D:\Spring Boot RestfulApi project files\S03L04 - Spring boot Auth Controller, List users)
2023-01-09 19:24:43,606 [DEBUG] org.studyeasy.SpringRestdemo.SpringRestdemoApplication [main] Running with Spring Boot v3.0.1, Spring v6.0.3
2023-01-09 19:24:43,608 [INFO] org.studyeasy.SpringRestdemo.SpringRestdemoApplication [main] No active profile set, falling back to 1 default profile: "default"
2023-01-09 19:24:45,132 [INFO] org.springframework.data.repository.config.RepositoryConfigurationDelegate [main] Bootstrapping Spring Data JPA repositories in DEFAULT mode.
2023-01-09 19:24:45,238 [INFO] org.springframework.data.repository.config.RepositoryConfigurationDelegate [main] Finished Spring Data repository scanning in 78 ms. Found 1 JPA repository interfaces.
2023-01-09 19:24:46,556 [INFO] org.springframework.boot.web.embedded.tomcat.TomcatWebServer [main] Tomcat initialized with port(s): 8080 (http)
2023-01-09 19:24:46,574 [INFO] org.apache.catalina.core.StandardService [main] Starting service [Tomcat]
2023-01-09 19:24:46,574 [INFO] org.apache.catalina.core.StandardEngine [main] Starting Servlet engine: [Apache Tomcat/10.1.4]
2023-01-09 19:24:46,764 [INFO] org.apache.catalina.core.ContainerBase.[Tomcat].[localhost].[/] [main] Initializing Spring embedded WebApplicationContext
2023-01-09 19:24:46,765 [INFO] org.springframework.boot.web.servlet.context.ServletWebServerApplicationContext [main] Root WebApplicationContext: initialization completed in 3055 ms
2023-01-09 19:24:46,843 [INFO] com.zaxxer.hikari.HikariDataSource [main] HikariPool-1 - Starting...
2023-01-09 19:24:47,199 [INFO] com.zaxxer.hikari.pool.HikariPool [main] HikariPool-1 - Added connection conn0: url=jdbc:h2:file:./db/db user=ADMIN
2023-01-09 19:24:47,203 [INFO] com.zaxxer.hikari.HikariDataSource [main] HikariPool-1 - Start completed.
2023-01-09 19:24:47,226 [INFO] org.springframework.boot.autoconfigure.h2.H2ConsoleAutoConfiguration [main] H2 console available at '/db-console'. Database available at 'jdbc:h2:file:./db/db'
2023-01-09 19:24:47,446 [INFO] org.hibernate.jpa.internal.util.LogHelper [main] HHH000204: Processing PersistenceUnitInfo [name: default]
2023-01-09 19:24:47,570 [INFO] org.hibernate.Version [main] HHH000412: Hibernate ORM core version 6.1.6.Final
2023-01-09 19:24:47,883 [WARN] org.hibernate.orm.deprecation [main] HHH90000021: Encountered deprecated setting [javax.persistence.sharedCache.mode], use [jakarta.persistence.sharedCache.mode] instead
2023-01-09 19:24:48,160 [INFO] SQL dialect [main] HHH000400: Using dialect: org.hibernate.dialect.H2Dialect
2023-01-09 19:24:49,176 [INFO] org.hibernate.engine.transaction.jta.platform.internal.JtaPlatformInitiator [main] HHH000490: Using JtaPlatform implementation: [org.hibernate.engine.transaction.jta.platform.internal.NoJtaPlatform]
2023-01-09 19:24:49,198 [INFO] org.springframework.orm.jpa.LocalContainerEntityManagerFactoryBean [main] Initialized JPA EntityManagerFactory for persistence unit 'default'
2023-01-09 19:24:50,467 [WARN] org.springframework.boot.autoconfigure.orm.jpa.JpaBaseConfiguration$JpaWebConfiguration [main] spring.jpa.open-in-view is enabled by default. Therefore, database queries may be performed during view rendering. Explicitly configure spring.jpa.open-in-view to disable this warning
2023-01-09 19:24:51,641 [INFO] org.springframework.security.web.DefaultSecurityFilterChain [main] Will secure any request with [org.springframework.security.web.session.DisableEncodeUrlFilter@4402ed61, org.springframework.security.web.context.request.async.WebAsyncManagerIntegrationFilter@6fc1a1d5, org.springframework.security.web.context.SecurityContextHolderFilter@535aa7c7, org.springframework.security.web.header.HeaderWriterFilter@43f5b014, org.springframework.security.web.authentication.logout.LogoutFilter@42d96745, org.springframework.security.oauth2.server.resource.web.authentication.BearerTokenAuthenticationFilter@2530baf6, org.springframework.security.web.savedrequest.RequestCacheAwareFilter@7bbd944e, org.springframework.security.web.servletapi.SecurityContextHolderAwareRequestFilter@58ebfbcb, org.springframework.security.web.authentication.AnonymousAuthenticationFilter@4f8641d1, org.springframework.security.web.session.SessionManagementFilter@247415be, org.springframework.security.web.access.ExceptionTranslationFilter@73a88711, org.springframework.security.web.access.intercept.AuthorizationFilter@3792fed8]
2023-01-09 19:24:52,047 [INFO] org.springframework.boot.web.embedded.tomcat.TomcatWebServer [main] Tomcat started on port(s): 8080 (http) with context path ''
2023-01-09 19:24:52,064 [INFO] org.studyeasy.SpringRestdemo.SpringRestdemoApplication [main] Started SpringRestdemoApplication in 9.174 seconds (process running for 9.747)
2023-01-09 19:24:58,911 [INFO] org.apache.catalina.core.ContainerBase.[Tomcat].[localhost].[/] [http-nio-8080-exec-1] Initializing Spring DispatcherServlet 'dispatcherServlet'
2023-01-09 19:24:58,912 [INFO] org.springframework.web.servlet.DispatcherServlet [http-nio-8080-exec-1] Initializing Servlet 'dispatcherServlet'
2023-01-09 19:24:58,914 [INFO] org.springframework.web.servlet.DispatcherServlet [http-nio-8080-exec-1] Completed initialization in 1 ms
2023-01-09 19:24:59,666 [INFO] org.springdoc.api.AbstractOpenApiResource [http-nio-8080-exec-8] Init duration for springdoc-openapi is: 330 ms
2023-01-09 19:31:15,327 [INFO] org.studyeasy.SpringRestdemo.SpringRestdemoApplication [main] Starting SpringRestdemoApplication using Java 17.0.5 with PID 28164 (D:\Spring Boot RestfulApi project files\S03L04 - Spring boot Auth Controller, List users\target\classes started by chaan in D:\Spring Boot RestfulApi project files\S03L04 - Spring boot Auth Controller, List users)
2023-01-09 19:31:15,333 [DEBUG] org.studyeasy.SpringRestdemo.SpringRestdemoApplication [main] Running with Spring Boot v3.0.1, Spring v6.0.3
2023-01-09 19:31:15,337 [INFO] org.studyeasy.SpringRestdemo.SpringRestdemoApplication [main] No active profile set, falling back to 1 default profile: "default"
2023-01-09 19:31:16,858 [INFO] org.springframework.data.repository.config.RepositoryConfigurationDelegate [main] Bootstrapping Spring Data JPA repositories in DEFAULT mode.
2023-01-09 19:31:16,975 [INFO] org.springframework.data.repository.config.RepositoryConfigurationDelegate [main] Finished Spring Data repository scanning in 85 ms. Found 1 JPA repository interfaces.
2023-01-09 19:31:18,231 [INFO] org.springframework.boot.web.embedded.tomcat.TomcatWebServer [main] Tomcat initialized with port(s): 8080 (http)
2023-01-09 19:31:18,266 [INFO] org.apache.catalina.core.StandardService [main] Starting service [Tomcat]
2023-01-09 19:31:18,267 [INFO] org.apache.catalina.core.StandardEngine [main] Starting Servlet engine: [Apache Tomcat/10.1.4]
2023-01-09 19:31:18,441 [INFO] org.apache.catalina.core.ContainerBase.[Tomcat].[localhost].[/] [main] Initializing Spring embedded WebApplicationContext
2023-01-09 19:31:18,444 [INFO] org.springframework.boot.web.servlet.context.ServletWebServerApplicationContext [main] Root WebApplicationContext: initialization completed in 2989 ms
2023-01-09 19:31:18,504 [INFO] com.zaxxer.hikari.HikariDataSource [main] HikariPool-1 - Starting...
2023-01-09 19:31:18,918 [INFO] com.zaxxer.hikari.pool.HikariPool [main] HikariPool-1 - Added connection conn0: url=jdbc:h2:file:./db/db user=ADMIN
2023-01-09 19:31:18,934 [INFO] com.zaxxer.hikari.HikariDataSource [main] HikariPool-1 - Start completed.
2023-01-09 19:31:18,960 [INFO] org.springframework.boot.autoconfigure.h2.H2ConsoleAutoConfiguration [main] H2 console available at '/db-console'. Database available at 'jdbc:h2:file:./db/db'
2023-01-09 19:31:19,185 [INFO] org.hibernate.jpa.internal.util.LogHelper [main] HHH000204: Processing PersistenceUnitInfo [name: default]
2023-01-09 19:31:19,268 [INFO] org.hibernate.Version [main] HHH000412: Hibernate ORM core version 6.1.6.Final
2023-01-09 19:31:19,556 [WARN] org.hibernate.orm.deprecation [main] HHH90000021: Encountered deprecated setting [javax.persistence.sharedCache.mode], use [jakarta.persistence.sharedCache.mode] instead
2023-01-09 19:31:19,802 [INFO] SQL dialect [main] HHH000400: Using dialect: org.hibernate.dialect.H2Dialect
2023-01-09 19:31:20,885 [INFO] org.hibernate.engine.transaction.jta.platform.internal.JtaPlatformInitiator [main] HHH000490: Using JtaPlatform implementation: [org.hibernate.engine.transaction.jta.platform.internal.NoJtaPlatform]
2023-01-09 19:31:20,910 [INFO] org.springframework.orm.jpa.LocalContainerEntityManagerFactoryBean [main] Initialized JPA EntityManagerFactory for persistence unit 'default'
2023-01-09 19:31:22,168 [WARN] org.springframework.boot.autoconfigure.orm.jpa.JpaBaseConfiguration$JpaWebConfiguration [main] spring.jpa.open-in-view is enabled by default. Therefore, database queries may be performed during view rendering. Explicitly configure spring.jpa.open-in-view to disable this warning
2023-01-09 19:31:23,310 [INFO] org.springframework.security.web.DefaultSecurityFilterChain [main] Will secure any request with [org.springframework.security.web.session.DisableEncodeUrlFilter@32182bf8, org.springframework.security.web.context.request.async.WebAsyncManagerIntegrationFilter@75aeec0a, org.springframework.security.web.context.SecurityContextHolderFilter@25c98637, org.springframework.security.web.header.HeaderWriterFilter@54e3cba2, org.springframework.security.web.authentication.logout.LogoutFilter@2c485b3a, org.springframework.security.oauth2.server.resource.web.authentication.BearerTokenAuthenticationFilter@71f042b1, org.springframework.security.web.savedrequest.RequestCacheAwareFilter@108fd5d5, org.springframework.security.web.servletapi.SecurityContextHolderAwareRequestFilter@247415be, org.springframework.security.web.authentication.AnonymousAuthenticationFilter@6b8cdc4, org.springframework.security.web.session.SessionManagementFilter@40ed4674, org.springframework.security.web.access.ExceptionTranslationFilter@294ebdae, org.springframework.security.web.access.intercept.AuthorizationFilter@42d96745]
2023-01-09 19:31:23,704 [INFO] org.springframework.boot.web.embedded.tomcat.TomcatWebServer [main] Tomcat started on port(s): 8080 (http) with context path ''
2023-01-09 19:31:23,730 [INFO] org.studyeasy.SpringRestdemo.SpringRestdemoApplication [main] Started SpringRestdemoApplication in 9.049 seconds (process running for 9.663)
2023-01-09 19:32:04,127 [INFO] org.studyeasy.SpringRestdemo.SpringRestdemoApplication [main] Starting SpringRestdemoApplication using Java 17.0.5 with PID 22636 (D:\Spring Boot RestfulApi project files\S03L04 - Spring boot Auth Controller, List users\target\classes started by chaan in D:\Spring Boot RestfulApi project files\S03L04 - Spring boot Auth Controller, List users)
2023-01-09 19:32:04,131 [DEBUG] org.studyeasy.SpringRestdemo.SpringRestdemoApplication [main] Running with Spring Boot v3.0.1, Spring v6.0.3
2023-01-09 19:32:04,133 [INFO] org.studyeasy.SpringRestdemo.SpringRestdemoApplication [main] No active profile set, falling back to 1 default profile: "default"
2023-01-09 19:32:05,645 [INFO] org.springframework.data.repository.config.RepositoryConfigurationDelegate [main] Bootstrapping Spring Data JPA repositories in DEFAULT mode.
2023-01-09 19:32:05,732 [INFO] org.springframework.data.repository.config.RepositoryConfigurationDelegate [main] Finished Spring Data repository scanning in 71 ms. Found 1 JPA repository interfaces.
2023-01-09 19:32:06,700 [INFO] org.springframework.boot.web.embedded.tomcat.TomcatWebServer [main] Tomcat initialized with port(s): 8080 (http)
2023-01-09 19:32:06,735 [INFO] org.apache.catalina.core.StandardService [main] Starting service [Tomcat]
2023-01-09 19:32:06,736 [INFO] org.apache.catalina.core.StandardEngine [main] Starting Servlet engine: [Apache Tomcat/10.1.4]
2023-01-09 19:32:06,882 [INFO] org.apache.catalina.core.ContainerBase.[Tomcat].[localhost].[/] [main] Initializing Spring embedded WebApplicationContext
2023-01-09 19:32:06,883 [INFO] org.springframework.boot.web.servlet.context.ServletWebServerApplicationContext [main] Root WebApplicationContext: initialization completed in 2643 ms
2023-01-09 19:32:06,931 [INFO] com.zaxxer.hikari.HikariDataSource [main] HikariPool-1 - Starting...
2023-01-09 19:32:07,202 [INFO] com.zaxxer.hikari.pool.HikariPool [main] HikariPool-1 - Added connection conn0: url=jdbc:h2:file:./db/db user=ADMIN
2023-01-09 19:32:07,207 [INFO] com.zaxxer.hikari.HikariDataSource [main] HikariPool-1 - Start completed.
2023-01-09 19:32:07,223 [INFO] org.springframework.boot.autoconfigure.h2.H2ConsoleAutoConfiguration [main] H2 console available at '/db-console'. Database available at 'jdbc:h2:file:./db/db'
2023-01-09 19:32:07,455 [INFO] org.hibernate.jpa.internal.util.LogHelper [main] HHH000204: Processing PersistenceUnitInfo [name: default]
2023-01-09 19:32:07,555 [INFO] org.hibernate.Version [main] HHH000412: Hibernate ORM core version 6.1.6.Final
2023-01-09 19:32:07,883 [WARN] org.hibernate.orm.deprecation [main] HHH90000021: Encountered deprecated setting [javax.persistence.sharedCache.mode], use [jakarta.persistence.sharedCache.mode] instead
2023-01-09 19:32:08,139 [INFO] SQL dialect [main] HHH000400: Using dialect: org.hibernate.dialect.H2Dialect
2023-01-09 19:32:09,108 [INFO] org.hibernate.engine.transaction.jta.platform.internal.JtaPlatformInitiator [main] HHH000490: Using JtaPlatform implementation: [org.hibernate.engine.transaction.jta.platform.internal.NoJtaPlatform]
2023-01-09 19:32:09,118 [INFO] org.springframework.orm.jpa.LocalContainerEntityManagerFactoryBean [main] Initialized JPA EntityManagerFactory for persistence unit 'default'
2023-01-09 19:32:10,397 [WARN] org.springframework.boot.autoconfigure.orm.jpa.JpaBaseConfiguration$JpaWebConfiguration [main] spring.jpa.open-in-view is enabled by default. Therefore, database queries may be performed during view rendering. Explicitly configure spring.jpa.open-in-view to disable this warning
2023-01-09 19:32:11,494 [INFO] org.springframework.security.web.DefaultSecurityFilterChain [main] Will secure any request with [org.springframework.security.web.session.DisableEncodeUrlFilter@260043d, org.springframework.security.web.context.request.async.WebAsyncManagerIntegrationFilter@3338d29d, org.springframework.security.web.context.SecurityContextHolderFilter@d62feaf, org.springframework.security.web.header.HeaderWriterFilter@128d397c, org.springframework.security.web.authentication.logout.LogoutFilter@5f32de90, org.springframework.security.oauth2.server.resource.web.authentication.BearerTokenAuthenticationFilter@21399e53, org.springframework.security.web.savedrequest.RequestCacheAwareFilter@73a88711, org.springframework.security.web.servletapi.SecurityContextHolderAwareRequestFilter@5c59dfc7, org.springframework.security.web.authentication.AnonymousAuthenticationFilter@5e1e19af, org.springframework.security.web.session.SessionManagementFilter@13e5c53c, org.springframework.security.web.access.ExceptionTranslationFilter@5318731f, org.springframework.security.web.access.intercept.AuthorizationFilter@20e9b10b]
2023-01-09 19:32:11,876 [INFO] org.springframework.boot.web.embedded.tomcat.TomcatWebServer [main] Tomcat started on port(s): 8080 (http) with context path ''
2023-01-09 19:32:11,898 [INFO] org.studyeasy.SpringRestdemo.SpringRestdemoApplication [main] Started SpringRestdemoApplication in 8.453 seconds (process running for 9.049)
2023-01-09 19:32:12,005 [INFO] org.apache.catalina.core.ContainerBase.[Tomcat].[localhost].[/] [http-nio-8080-exec-1] Initializing Spring DispatcherServlet 'dispatcherServlet'
2023-01-09 19:32:12,006 [INFO] org.springframework.web.servlet.DispatcherServlet [http-nio-8080-exec-1] Initializing Servlet 'dispatcherServlet'
2023-01-09 19:32:12,009 [INFO] org.springframework.web.servlet.DispatcherServlet [http-nio-8080-exec-1] Completed initialization in 2 ms
2023-01-09 19:32:16,525 [INFO] org.springdoc.api.AbstractOpenApiResource [http-nio-8080-exec-4] Init duration for springdoc-openapi is: 297 ms
2023-01-09 20:33:42,296 [INFO] org.studyeasy.SpringRestdemo.SpringRestdemoApplication [main] Starting SpringRestdemoApplication using Java 17.0.5 with PID 16788 (D:\Spring Boot RestfulApi project files\S03L05 - Spring boot Auth Controller, List Users Add security\target\classes started by chaan in D:\Spring Boot RestfulApi project files\S03L05 - Spring boot Auth Controller, List Users Add security)
2023-01-09 20:33:42,299 [DEBUG] org.studyeasy.SpringRestdemo.SpringRestdemoApplication [main] Running with Spring Boot v3.0.1, Spring v6.0.3
2023-01-09 20:33:42,301 [INFO] org.studyeasy.SpringRestdemo.SpringRestdemoApplication [main] No active profile set, falling back to 1 default profile: "default"
2023-01-09 20:33:44,007 [INFO] org.springframework.data.repository.config.RepositoryConfigurationDelegate [main] Bootstrapping Spring Data JPA repositories in DEFAULT mode.
2023-01-09 20:33:44,095 [INFO] org.springframework.data.repository.config.RepositoryConfigurationDelegate [main] Finished Spring Data repository scanning in 68 ms. Found 1 JPA repository interfaces.
2023-01-09 20:33:45,485 [INFO] org.springframework.boot.web.embedded.tomcat.TomcatWebServer [main] Tomcat initialized with port(s): 8080 (http)
2023-01-09 20:33:45,510 [INFO] org.apache.catalina.core.StandardService [main] Starting service [Tomcat]
2023-01-09 20:33:45,512 [INFO] org.apache.catalina.core.StandardEngine [main] Starting Servlet engine: [Apache Tomcat/10.1.4]
2023-01-09 20:33:45,718 [INFO] org.apache.catalina.core.ContainerBase.[Tomcat].[localhost].[/] [main] Initializing Spring embedded WebApplicationContext
2023-01-09 20:33:45,719 [INFO] org.springframework.boot.web.servlet.context.ServletWebServerApplicationContext [main] Root WebApplicationContext: initialization completed in 3320 ms
2023-01-09 20:33:45,795 [INFO] com.zaxxer.hikari.HikariDataSource [main] HikariPool-1 - Starting...
2023-01-09 20:33:46,155 [INFO] com.zaxxer.hikari.pool.HikariPool [main] HikariPool-1 - Added connection conn0: url=jdbc:h2:file:./db/db user=ADMIN
2023-01-09 20:33:46,159 [INFO] com.zaxxer.hikari.HikariDataSource [main] HikariPool-1 - Start completed.
2023-01-09 20:33:46,182 [INFO] org.springframework.boot.autoconfigure.h2.H2ConsoleAutoConfiguration [main] H2 console available at '/db-console'. Database available at 'jdbc:h2:file:./db/db'
2023-01-09 20:33:46,413 [INFO] org.hibernate.jpa.internal.util.LogHelper [main] HHH000204: Processing PersistenceUnitInfo [name: default]
2023-01-09 20:33:46,534 [INFO] org.hibernate.Version [main] HHH000412: Hibernate ORM core version 6.1.6.Final
2023-01-09 20:33:46,866 [WARN] org.hibernate.orm.deprecation [main] HHH90000021: Encountered deprecated setting [javax.persistence.sharedCache.mode], use [jakarta.persistence.sharedCache.mode] instead
2023-01-09 20:33:47,170 [INFO] SQL dialect [main] HHH000400: Using dialect: org.hibernate.dialect.H2Dialect
2023-01-09 20:33:48,206 [INFO] org.hibernate.engine.transaction.jta.platform.internal.JtaPlatformInitiator [main] HHH000490: Using JtaPlatform implementation: [org.hibernate.engine.transaction.jta.platform.internal.NoJtaPlatform]
2023-01-09 20:33:48,223 [INFO] org.springframework.orm.jpa.LocalContainerEntityManagerFactoryBean [main] Initialized JPA EntityManagerFactory for persistence unit 'default'
2023-01-09 20:33:49,389 [WARN] org.springframework.boot.autoconfigure.orm.jpa.JpaBaseConfiguration$JpaWebConfiguration [main] spring.jpa.open-in-view is enabled by default. Therefore, database queries may be performed during view rendering. Explicitly configure spring.jpa.open-in-view to disable this warning
2023-01-09 20:33:50,592 [INFO] org.springframework.security.web.DefaultSecurityFilterChain [main] Will secure any request with [org.springframework.security.web.session.DisableEncodeUrlFilter@72ad577b, org.springframework.security.web.context.request.async.WebAsyncManagerIntegrationFilter@99948fe, org.springframework.security.web.context.SecurityContextHolderFilter@4ee1c29a, org.springframework.security.web.header.HeaderWriterFilter@4abb4041, org.springframework.security.web.authentication.logout.LogoutFilter@4088c5e6, org.springframework.security.oauth2.server.resource.web.authentication.BearerTokenAuthenticationFilter@2ebd6a0d, org.springframework.security.web.savedrequest.RequestCacheAwareFilter@5f32de90, org.springframework.security.web.servletapi.SecurityContextHolderAwareRequestFilter@72851503, org.springframework.security.web.authentication.AnonymousAuthenticationFilter@4c31b6c2, org.springframework.security.web.session.SessionManagementFilter@4960b819, org.springframework.security.web.access.ExceptionTranslationFilter@4125bc3c, org.springframework.security.web.access.intercept.AuthorizationFilter@ad6255e]
2023-01-09 20:33:51,010 [INFO] org.springframework.boot.web.embedded.tomcat.TomcatWebServer [main] Tomcat started on port(s): 8080 (http) with context path ''
2023-01-09 20:33:51,032 [INFO] org.studyeasy.SpringRestdemo.SpringRestdemoApplication [main] Started SpringRestdemoApplication in 9.43 seconds (process running for 10.105)
2023-01-09 20:33:51,143 [INFO] org.apache.catalina.core.ContainerBase.[Tomcat].[localhost].[/] [http-nio-8080-exec-1] Initializing Spring DispatcherServlet 'dispatcherServlet'
2023-01-09 20:33:51,144 [INFO] org.springframework.web.servlet.DispatcherServlet [http-nio-8080-exec-1] Initializing Servlet 'dispatcherServlet'
2023-01-09 20:33:51,146 [INFO] org.springframework.web.servlet.DispatcherServlet [http-nio-8080-exec-1] Completed initialization in 1 ms
2023-01-09 20:33:52,009 [INFO] org.springdoc.api.AbstractOpenApiResource [http-nio-8080-exec-9] Init duration for springdoc-openapi is: 339 ms
2023-01-09 20:34:52,103 [INFO] org.studyeasy.SpringRestdemo.SpringRestdemoApplication [main] Starting SpringRestdemoApplication using Java 17.0.5 with PID 15528 (D:\Spring Boot RestfulApi project files\S03L05 - Spring boot Auth Controller, List Users Add security\target\classes started by chaan in D:\Spring Boot RestfulApi project files\S03L05 - Spring boot Auth Controller, List Users Add security)
2023-01-09 20:34:52,110 [DEBUG] org.studyeasy.SpringRestdemo.SpringRestdemoApplication [main] Running with Spring Boot v3.0.1, Spring v6.0.3
2023-01-09 20:34:52,112 [INFO] org.studyeasy.SpringRestdemo.SpringRestdemoApplication [main] No active profile set, falling back to 1 default profile: "default"
2023-01-09 20:34:53,563 [INFO] org.springframework.data.repository.config.RepositoryConfigurationDelegate [main] Bootstrapping Spring Data JPA repositories in DEFAULT mode.
2023-01-09 20:34:53,656 [INFO] org.springframework.data.repository.config.RepositoryConfigurationDelegate [main] Finished Spring Data repository scanning in 69 ms. Found 1 JPA repository interfaces.
2023-01-09 20:34:54,730 [INFO] org.springframework.boot.web.embedded.tomcat.TomcatWebServer [main] Tomcat initialized with port(s): 8080 (http)
2023-01-09 20:34:54,749 [INFO] org.apache.catalina.core.StandardService [main] Starting service [Tomcat]
2023-01-09 20:34:54,750 [INFO] org.apache.catalina.core.StandardEngine [main] Starting Servlet engine: [Apache Tomcat/10.1.4]
2023-01-09 20:34:54,945 [INFO] org.apache.catalina.core.ContainerBase.[Tomcat].[localhost].[/] [main] Initializing Spring embedded WebApplicationContext
2023-01-09 20:34:54,946 [INFO] org.springframework.boot.web.servlet.context.ServletWebServerApplicationContext [main] Root WebApplicationContext: initialization completed in 2742 ms
2023-01-09 20:34:55,003 [INFO] com.zaxxer.hikari.HikariDataSource [main] HikariPool-1 - Starting...
2023-01-09 20:34:55,325 [INFO] com.zaxxer.hikari.pool.HikariPool [main] HikariPool-1 - Added connection conn0: url=jdbc:h2:file:./db/db user=ADMIN
2023-01-09 20:34:55,355 [INFO] com.zaxxer.hikari.HikariDataSource [main] HikariPool-1 - Start completed.
2023-01-09 20:34:55,379 [INFO] org.springframework.boot.autoconfigure.h2.H2ConsoleAutoConfiguration [main] H2 console available at '/db-console'. Database available at 'jdbc:h2:file:./db/db'
2023-01-09 20:34:55,597 [INFO] org.hibernate.jpa.internal.util.LogHelper [main] HHH000204: Processing PersistenceUnitInfo [name: default]
2023-01-09 20:34:55,688 [INFO] org.hibernate.Version [main] HHH000412: Hibernate ORM core version 6.1.6.Final
2023-01-09 20:34:55,995 [WARN] org.hibernate.orm.deprecation [main] HHH90000021: Encountered deprecated setting [javax.persistence.sharedCache.mode], use [jakarta.persistence.sharedCache.mode] instead
2023-01-09 20:34:56,255 [INFO] SQL dialect [main] HHH000400: Using dialect: org.hibernate.dialect.H2Dialect
2023-01-09 20:34:57,378 [INFO] org.hibernate.engine.transaction.jta.platform.internal.JtaPlatformInitiator [main] HHH000490: Using JtaPlatform implementation: [org.hibernate.engine.transaction.jta.platform.internal.NoJtaPlatform]
2023-01-09 20:34:57,397 [INFO] org.springframework.orm.jpa.LocalContainerEntityManagerFactoryBean [main] Initialized JPA EntityManagerFactory for persistence unit 'default'
2023-01-09 20:34:58,600 [WARN] org.springframework.boot.autoconfigure.orm.jpa.JpaBaseConfiguration$JpaWebConfiguration [main] spring.jpa.open-in-view is enabled by default. Therefore, database queries may be performed during view rendering. Explicitly configure spring.jpa.open-in-view to disable this warning
2023-01-09 20:34:59,736 [INFO] org.springframework.security.web.DefaultSecurityFilterChain [main] Will secure any request with [org.springframework.security.web.session.DisableEncodeUrlFilter@4cddc3d9, org.springframework.security.web.context.request.async.WebAsyncManagerIntegrationFilter@3d2b8e, org.springframework.security.web.context.SecurityContextHolderFilter@2eb91767, org.springframework.security.web.header.HeaderWriterFilter@332610ad, org.springframework.security.web.authentication.logout.LogoutFilter@7bbd944e, org.springframework.security.oauth2.server.resource.web.authentication.BearerTokenAuthenticationFilter@4fae4c3b, org.springframework.security.web.savedrequest.RequestCacheAwareFilter@3ecc9baa, org.springframework.security.web.servletapi.SecurityContextHolderAwareRequestFilter@54e3cba2, org.springframework.security.web.authentication.AnonymousAuthenticationFilter@3dcf6026, org.springframework.security.web.session.SessionManagementFilter@294ab038, org.springframework.security.web.access.ExceptionTranslationFilter@623bdc46, org.springframework.security.web.access.intercept.AuthorizationFilter@4ee1c29a]
2023-01-09 20:35:00,114 [INFO] org.springframework.boot.web.embedded.tomcat.TomcatWebServer [main] Tomcat started on port(s): 8080 (http) with context path ''
2023-01-09 20:35:00,131 [INFO] org.studyeasy.SpringRestdemo.SpringRestdemoApplication [main] Started SpringRestdemoApplication in 8.692 seconds (process running for 9.329)
2023-01-09 20:35:05,926 [INFO] org.apache.catalina.core.ContainerBase.[Tomcat].[localhost].[/] [http-nio-8080-exec-1] Initializing Spring DispatcherServlet 'dispatcherServlet'
2023-01-09 20:35:05,952 [INFO] org.springframework.web.servlet.DispatcherServlet [http-nio-8080-exec-1] Initializing Servlet 'dispatcherServlet'
2023-01-09 20:35:05,955 [INFO] org.springframework.web.servlet.DispatcherServlet [http-nio-8080-exec-1] Completed initialization in 2 ms
2023-01-09 20:35:06,715 [INFO] org.springdoc.api.AbstractOpenApiResource [http-nio-8080-exec-8] Init duration for springdoc-openapi is: 358 ms
2023-01-09 20:36:08,895 [INFO] org.studyeasy.SpringRestdemo.SpringRestdemoApplication [main] Starting SpringRestdemoApplication using Java 17.0.5 with PID 16144 (D:\Spring Boot RestfulApi project files\S03L05 - Spring boot Auth Controller, List Users Add security\target\classes started by chaan in D:\Spring Boot RestfulApi project files\S03L05 - Spring boot Auth Controller, List Users Add security)
2023-01-09 20:36:08,911 [DEBUG] org.studyeasy.SpringRestdemo.SpringRestdemoApplication [main] Running with Spring Boot v3.0.1, Spring v6.0.3
2023-01-09 20:36:08,914 [INFO] org.studyeasy.SpringRestdemo.SpringRestdemoApplication [main] No active profile set, falling back to 1 default profile: "default"
2023-01-09 20:36:10,397 [INFO] org.springframework.data.repository.config.RepositoryConfigurationDelegate [main] Bootstrapping Spring Data JPA repositories in DEFAULT mode.
2023-01-09 20:36:10,513 [INFO] org.springframework.data.repository.config.RepositoryConfigurationDelegate [main] Finished Spring Data repository scanning in 88 ms. Found 1 JPA repository interfaces.
2023-01-09 20:36:11,493 [INFO] org.springframework.boot.web.embedded.tomcat.TomcatWebServer [main] Tomcat initialized with port(s): 8080 (http)
2023-01-09 20:36:11,523 [INFO] org.apache.catalina.core.StandardService [main] Starting service [Tomcat]
2023-01-09 20:36:11,525 [INFO] org.apache.catalina.core.StandardEngine [main] Starting Servlet engine: [Apache Tomcat/10.1.4]
2023-01-09 20:36:11,695 [INFO] org.apache.catalina.core.ContainerBase.[Tomcat].[localhost].[/] [main] Initializing Spring embedded WebApplicationContext
2023-01-09 20:36:11,697 [INFO] org.springframework.boot.web.servlet.context.ServletWebServerApplicationContext [main] Root WebApplicationContext: initialization completed in 2662 ms
2023-01-09 20:36:11,743 [INFO] com.zaxxer.hikari.HikariDataSource [main] HikariPool-1 - Starting...
2023-01-09 20:36:12,033 [INFO] com.zaxxer.hikari.pool.HikariPool [main] HikariPool-1 - Added connection conn0: url=jdbc:h2:file:./db/db user=ADMIN
2023-01-09 20:36:12,037 [INFO] com.zaxxer.hikari.HikariDataSource [main] HikariPool-1 - Start completed.
2023-01-09 20:36:12,058 [INFO] org.springframework.boot.autoconfigure.h2.H2ConsoleAutoConfiguration [main] H2 console available at '/db-console'. Database available at 'jdbc:h2:file:./db/db'
2023-01-09 20:36:12,261 [INFO] org.hibernate.jpa.internal.util.LogHelper [main] HHH000204: Processing PersistenceUnitInfo [name: default]
2023-01-09 20:36:12,379 [INFO] org.hibernate.Version [main] HHH000412: Hibernate ORM core version 6.1.6.Final
2023-01-09 20:36:12,714 [WARN] org.hibernate.orm.deprecation [main] HHH90000021: Encountered deprecated setting [javax.persistence.sharedCache.mode], use [jakarta.persistence.sharedCache.mode] instead
2023-01-09 20:36:12,972 [INFO] SQL dialect [main] HHH000400: Using dialect: org.hibernate.dialect.H2Dialect
2023-01-09 20:36:14,259 [INFO] org.hibernate.engine.transaction.jta.platform.internal.JtaPlatformInitiator [main] HHH000490: Using JtaPlatform implementation: [org.hibernate.engine.transaction.jta.platform.internal.NoJtaPlatform]
2023-01-09 20:36:14,284 [INFO] org.springframework.orm.jpa.LocalContainerEntityManagerFactoryBean [main] Initialized JPA EntityManagerFactory for persistence unit 'default'
2023-01-09 20:36:15,413 [WARN] org.springframework.boot.autoconfigure.orm.jpa.JpaBaseConfiguration$JpaWebConfiguration [main] spring.jpa.open-in-view is enabled by default. Therefore, database queries may be performed during view rendering. Explicitly configure spring.jpa.open-in-view to disable this warning
2023-01-09 20:36:16,539 [INFO] org.springframework.security.web.DefaultSecurityFilterChain [main] Will secure any request with [org.springframework.security.web.session.DisableEncodeUrlFilter@2ebd6a0d, org.springframework.security.web.context.request.async.WebAsyncManagerIntegrationFilter@714d7c7b, org.springframework.security.web.context.SecurityContextHolderFilter@1e987f59, org.springframework.security.web.header.HeaderWriterFilter@4125bc3c, org.springframework.security.web.authentication.logout.LogoutFilter@3792fed8, org.springframework.security.oauth2.server.resource.web.authentication.BearerTokenAuthenticationFilter@22942eff, org.springframework.security.web.savedrequest.RequestCacheAwareFilter@4ee1c29a, org.springframework.security.web.servletapi.SecurityContextHolderAwareRequestFilter@5134a7d6, org.springframework.security.web.authentication.AnonymousAuthenticationFilter@72ad577b, org.springframework.security.web.session.SessionManagementFilter@58ebfbcb, org.springframework.security.web.access.ExceptionTranslationFilter@fbdba1c, org.springframework.security.web.access.intercept.AuthorizationFilter@6b8cdc4]
2023-01-09 20:36:16,899 [INFO] org.springframework.boot.web.embedded.tomcat.TomcatWebServer [main] Tomcat started on port(s): 8080 (http) with context path ''
2023-01-09 20:36:16,926 [INFO] org.studyeasy.SpringRestdemo.SpringRestdemoApplication [main] Started SpringRestdemoApplication in 8.77 seconds (process running for 9.438)
2023-01-09 20:36:18,236 [INFO] org.apache.catalina.core.ContainerBase.[Tomcat].[localhost].[/] [http-nio-8080-exec-1] Initializing Spring DispatcherServlet 'dispatcherServlet'
2023-01-09 20:36:18,248 [INFO] org.springframework.web.servlet.DispatcherServlet [http-nio-8080-exec-1] Initializing Servlet 'dispatcherServlet'
2023-01-09 20:36:18,251 [INFO] org.springframework.web.servlet.DispatcherServlet [http-nio-8080-exec-1] Completed initialization in 2 ms
2023-01-09 20:36:19,137 [INFO] org.springdoc.api.AbstractOpenApiResource [http-nio-8080-exec-9] Init duration for springdoc-openapi is: 390 ms
2023-01-09 20:37:42,795 [INFO] org.studyeasy.SpringRestdemo.SpringRestdemoApplication [main] Starting SpringRestdemoApplication using Java 17.0.5 with PID 15620 (D:\Spring Boot RestfulApi project files\S03L05 - Spring boot Auth Controller, List Users Add security\target\classes started by chaan in D:\Spring Boot RestfulApi project files\S03L05 - Spring boot Auth Controller, List Users Add security)
2023-01-09 20:37:42,810 [DEBUG] org.studyeasy.SpringRestdemo.SpringRestdemoApplication [main] Running with Spring Boot v3.0.1, Spring v6.0.3
2023-01-09 20:37:42,813 [INFO] org.studyeasy.SpringRestdemo.SpringRestdemoApplication [main] No active profile set, falling back to 1 default profile: "default"
2023-01-09 20:37:44,346 [INFO] org.springframework.data.repository.config.RepositoryConfigurationDelegate [main] Bootstrapping Spring Data JPA repositories in DEFAULT mode.
2023-01-09 20:37:44,445 [INFO] org.springframework.data.repository.config.RepositoryConfigurationDelegate [main] Finished Spring Data repository scanning in 75 ms. Found 1 JPA repository interfaces.
2023-01-09 20:37:45,675 [INFO] org.springframework.boot.web.embedded.tomcat.TomcatWebServer [main] Tomcat initialized with port(s): 8080 (http)
2023-01-09 20:37:45,698 [INFO] org.apache.catalina.core.StandardService [main] Starting service [Tomcat]
2023-01-09 20:37:45,699 [INFO] org.apache.catalina.core.StandardEngine [main] Starting Servlet engine: [Apache Tomcat/10.1.4]
2023-01-09 20:37:45,845 [INFO] org.apache.catalina.core.ContainerBase.[Tomcat].[localhost].[/] [main] Initializing Spring embedded WebApplicationContext
2023-01-09 20:37:45,848 [INFO] org.springframework.boot.web.servlet.context.ServletWebServerApplicationContext [main] Root WebApplicationContext: initialization completed in 2943 ms
2023-01-09 20:37:45,892 [INFO] com.zaxxer.hikari.HikariDataSource [main] HikariPool-1 - Starting...
2023-01-09 20:37:46,194 [INFO] com.zaxxer.hikari.pool.HikariPool [main] HikariPool-1 - Added connection conn0: url=jdbc:h2:file:./db/db user=ADMIN
2023-01-09 20:37:46,196 [INFO] com.zaxxer.hikari.HikariDataSource [main] HikariPool-1 - Start completed.
2023-01-09 20:37:46,209 [INFO] org.springframework.boot.autoconfigure.h2.H2ConsoleAutoConfiguration [main] H2 console available at '/db-console'. Database available at 'jdbc:h2:file:./db/db'
2023-01-09 20:37:46,441 [INFO] org.hibernate.jpa.internal.util.LogHelper [main] HHH000204: Processing PersistenceUnitInfo [name: default]
2023-01-09 20:37:46,555 [INFO] org.hibernate.Version [main] HHH000412: Hibernate ORM core version 6.1.6.Final
2023-01-09 20:37:46,831 [WARN] org.hibernate.orm.deprecation [main] HHH90000021: Encountered deprecated setting [javax.persistence.sharedCache.mode], use [jakarta.persistence.sharedCache.mode] instead
2023-01-09 20:37:47,058 [INFO] SQL dialect [main] HHH000400: Using dialect: org.hibernate.dialect.H2Dialect
2023-01-09 20:37:48,038 [INFO] org.hibernate.engine.transaction.jta.platform.internal.JtaPlatformInitiator [main] HHH000490: Using JtaPlatform implementation: [org.hibernate.engine.transaction.jta.platform.internal.NoJtaPlatform]
2023-01-09 20:37:48,050 [INFO] org.springframework.orm.jpa.LocalContainerEntityManagerFactoryBean [main] Initialized JPA EntityManagerFactory for persistence unit 'default'
2023-01-09 20:37:49,497 [WARN] org.springframework.boot.autoconfigure.orm.jpa.JpaBaseConfiguration$JpaWebConfiguration [main] spring.jpa.open-in-view is enabled by default. Therefore, database queries may be performed during view rendering. Explicitly configure spring.jpa.open-in-view to disable this warning
2023-01-09 20:37:50,548 [INFO] org.springframework.security.web.DefaultSecurityFilterChain [main] Will secure any request with [org.springframework.security.web.session.DisableEncodeUrlFilter@4fae4c3b, org.springframework.security.web.context.request.async.WebAsyncManagerIntegrationFilter@2222cd2c, org.springframework.security.web.context.SecurityContextHolderFilter@395abe85, org.springframework.security.web.header.HeaderWriterFilter@623bdc46, org.springframework.security.web.authentication.logout.LogoutFilter@535aa7c7, org.springframework.security.oauth2.server.resource.web.authentication.BearerTokenAuthenticationFilter@2c485b3a, org.springframework.security.web.savedrequest.RequestCacheAwareFilter@2eb91767, org.springframework.security.web.servletapi.SecurityContextHolderAwareRequestFilter@294ebdae, org.springframework.security.web.authentication.AnonymousAuthenticationFilter@4cddc3d9, org.springframework.security.web.session.SessionManagementFilter@2db82155, org.springframework.security.web.access.ExceptionTranslationFilter@267a8777, org.springframework.security.web.access.intercept.AuthorizationFilter@1e987f59]
2023-01-09 20:37:50,922 [INFO] org.springframework.boot.web.embedded.tomcat.TomcatWebServer [main] Tomcat started on port(s): 8080 (http) with context path ''
2023-01-09 20:37:50,960 [INFO] org.studyeasy.SpringRestdemo.SpringRestdemoApplication [main] Started SpringRestdemoApplication in 8.85 seconds (process running for 9.465)
2023-01-09 20:37:59,014 [INFO] org.apache.catalina.core.ContainerBase.[Tomcat].[localhost].[/] [http-nio-8080-exec-1] Initializing Spring DispatcherServlet 'dispatcherServlet'
2023-01-09 20:37:59,026 [INFO] org.springframework.web.servlet.DispatcherServlet [http-nio-8080-exec-1] Initializing Servlet 'dispatcherServlet'
2023-01-09 20:37:59,028 [INFO] org.springframework.web.servlet.DispatcherServlet [http-nio-8080-exec-1] Completed initialization in 1 ms
2023-01-09 20:37:59,718 [INFO] org.springdoc.api.AbstractOpenApiResource [http-nio-8080-exec-8] Init duration for springdoc-openapi is: 350 ms
2023-01-09 20:41:01,172 [INFO] org.studyeasy.SpringRestdemo.SpringRestdemoApplication [main] Starting SpringRestdemoApplication using Java 17.0.5 with PID 84 (D:\Spring Boot RestfulApi project files\S03L05 - Spring boot Auth Controller, List Users Add security\target\classes started by chaan in D:\Spring Boot RestfulApi project files\S03L05 - Spring boot Auth Controller, List Users Add security)
2023-01-09 20:41:01,193 [DEBUG] org.studyeasy.SpringRestdemo.SpringRestdemoApplication [main] Running with Spring Boot v3.0.1, Spring v6.0.3
2023-01-09 20:41:01,197 [INFO] org.studyeasy.SpringRestdemo.SpringRestdemoApplication [main] No active profile set, falling back to 1 default profile: "default"
2023-01-09 20:41:02,608 [INFO] org.springframework.data.repository.config.RepositoryConfigurationDelegate [main] Bootstrapping Spring Data JPA repositories in DEFAULT mode.
2023-01-09 20:41:02,722 [INFO] org.springframework.data.repository.config.RepositoryConfigurationDelegate [main] Finished Spring Data repository scanning in 82 ms. Found 1 JPA repository interfaces.
2023-01-09 20:41:03,790 [INFO] org.springframework.boot.web.embedded.tomcat.TomcatWebServer [main] Tomcat initialized with port(s): 8080 (http)
2023-01-09 20:41:03,820 [INFO] org.apache.catalina.core.StandardService [main] Starting service [Tomcat]
2023-01-09 20:41:03,821 [INFO] org.apache.catalina.core.StandardEngine [main] Starting Servlet engine: [Apache Tomcat/10.1.4]
2023-01-09 20:41:03,983 [INFO] org.apache.catalina.core.ContainerBase.[Tomcat].[localhost].[/] [main] Initializing Spring embedded WebApplicationContext
2023-01-09 20:41:03,984 [INFO] org.springframework.boot.web.servlet.context.ServletWebServerApplicationContext [main] Root WebApplicationContext: initialization completed in 2675 ms
2023-01-09 20:41:04,045 [INFO] com.zaxxer.hikari.HikariDataSource [main] HikariPool-1 - Starting...
2023-01-09 20:41:04,341 [INFO] com.zaxxer.hikari.pool.HikariPool [main] HikariPool-1 - Added connection conn0: url=jdbc:h2:file:./db/db user=ADMIN
2023-01-09 20:41:04,345 [INFO] com.zaxxer.hikari.HikariDataSource [main] HikariPool-1 - Start completed.
2023-01-09 20:41:04,359 [INFO] org.springframework.boot.autoconfigure.h2.H2ConsoleAutoConfiguration [main] H2 console available at '/db-console'. Database available at 'jdbc:h2:file:./db/db'
2023-01-09 20:41:04,589 [INFO] org.hibernate.jpa.internal.util.LogHelper [main] HHH000204: Processing PersistenceUnitInfo [name: default]
2023-01-09 20:41:04,706 [INFO] org.hibernate.Version [main] HHH000412: Hibernate ORM core version 6.1.6.Final
2023-01-09 20:41:05,010 [WARN] org.hibernate.orm.deprecation [main] HHH90000021: Encountered deprecated setting [javax.persistence.sharedCache.mode], use [jakarta.persistence.sharedCache.mode] instead
2023-01-09 20:41:05,211 [INFO] SQL dialect [main] HHH000400: Using dialect: org.hibernate.dialect.H2Dialect
2023-01-09 20:41:06,329 [INFO] org.hibernate.engine.transaction.jta.platform.internal.JtaPlatformInitiator [main] HHH000490: Using JtaPlatform implementation: [org.hibernate.engine.transaction.jta.platform.internal.NoJtaPlatform]
2023-01-09 20:41:06,349 [INFO] org.springframework.orm.jpa.LocalContainerEntityManagerFactoryBean [main] Initialized JPA EntityManagerFactory for persistence unit 'default'
2023-01-09 20:41:07,762 [WARN] org.springframework.boot.autoconfigure.orm.jpa.JpaBaseConfiguration$JpaWebConfiguration [main] spring.jpa.open-in-view is enabled by default. Therefore, database queries may be performed during view rendering. Explicitly configure spring.jpa.open-in-view to disable this warning
2023-01-09 20:41:08,843 [INFO] org.springframework.security.web.DefaultSecurityFilterChain [main] Will secure any request with [org.springframework.security.web.session.DisableEncodeUrlFilter@28532753, org.springframework.security.web.context.request.async.WebAsyncManagerIntegrationFilter@21399e53, org.springframework.security.web.context.SecurityContextHolderFilter@13e5c53c, org.springframework.security.web.header.HeaderWriterFilter@c76762, org.springframework.security.web.authentication.logout.LogoutFilter@192aeae2, org.springframework.security.oauth2.server.resource.web.authentication.BearerTokenAuthenticationFilter@4d1f168, org.springframework.security.web.savedrequest.RequestCacheAwareFilter@17f7a1af, org.springframework.security.web.servletapi.SecurityContextHolderAwareRequestFilter@5978ba12, org.springframework.security.web.authentication.AnonymousAuthenticationFilter@2a6871ad, org.springframework.security.web.session.SessionManagementFilter@e280006, org.springframework.security.web.access.ExceptionTranslationFilter@5af7e2f, org.springframework.security.web.access.intercept.AuthorizationFilter@1d722bff]
2023-01-09 20:41:09,272 [INFO] org.springframework.boot.web.embedded.tomcat.TomcatWebServer [main] Tomcat started on port(s): 8080 (http) with context path ''
2023-01-09 20:41:09,296 [INFO] org.studyeasy.SpringRestdemo.SpringRestdemoApplication [main] Started SpringRestdemoApplication in 8.768 seconds (process running for 9.425)
2023-01-09 20:41:15,902 [INFO] org.apache.catalina.core.ContainerBase.[Tomcat].[localhost].[/] [http-nio-8080-exec-1] Initializing Spring DispatcherServlet 'dispatcherServlet'
2023-01-09 20:41:15,903 [INFO] org.springframework.web.servlet.DispatcherServlet [http-nio-8080-exec-1] Initializing Servlet 'dispatcherServlet'
2023-01-09 20:41:15,906 [INFO] org.springframework.web.servlet.DispatcherServlet [http-nio-8080-exec-1] Completed initialization in 2 ms
2023-01-09 20:41:16,609 [INFO] org.springdoc.api.AbstractOpenApiResource [http-nio-8080-exec-8] Init duration for springdoc-openapi is: 314 ms
