2023-01-22 18:10:52,259 [INFO] org.studyeasy.SpringRestdemo.SpringRestdemoApplication [main] Starting SpringRestdemoApplication using Java 17.0.5 with PID 14860 (D:\Spring Boot RestfulApi project files\S04L07 - Build photo upload for album with thumbnails\target\classes started by chaan in D:\Spring Boot RestfulApi project files\S04L07 - Build photo upload for album with thumbnails)
2023-01-22 18:10:52,298 [DEBUG] org.studyeasy.SpringRestdemo.SpringRestdemoApplication [main] Running with Spring Boot v3.0.1, Spring v6.0.3
2023-01-22 18:10:52,305 [INFO] org.studyeasy.SpringRestdemo.SpringRestdemoApplication [main] No active profile set, falling back to 1 default profile: "default"
2023-01-22 18:10:54,688 [INFO] org.springframework.data.repository.config.RepositoryConfigurationDelegate [main] Bootstrapping Spring Data JPA repositories in DEFAULT mode.
2023-01-22 18:10:54,854 [INFO] org.springframework.data.repository.config.RepositoryConfigurationDelegate [main] Finished Spring Data repository scanning in 118 ms. Found 3 JPA repository interfaces.
2023-01-22 18:10:57,589 [INFO] org.springframework.boot.web.embedded.tomcat.TomcatWebServer [main] Tomcat initialized with port(s): 8080 (http)
2023-01-22 18:10:57,614 [INFO] org.apache.catalina.core.StandardService [main] Starting service [Tomcat]
2023-01-22 18:10:57,616 [INFO] org.apache.catalina.core.StandardEngine [main] Starting Servlet engine: [Apache Tomcat/10.1.4]
2023-01-22 18:10:57,848 [INFO] org.apache.catalina.core.ContainerBase.[Tomcat].[localhost].[/] [main] Initializing Spring embedded WebApplicationContext
2023-01-22 18:10:57,851 [INFO] org.springframework.boot.web.servlet.context.ServletWebServerApplicationContext [main] Root WebApplicationContext: initialization completed in 5304 ms
2023-01-22 18:10:57,913 [INFO] com.zaxxer.hikari.HikariDataSource [main] HikariPool-1 - Starting...
2023-01-22 18:10:58,338 [INFO] com.zaxxer.hikari.pool.HikariPool [main] HikariPool-1 - Added connection conn0: url=jdbc:h2:file:./db/db user=ADMIN
2023-01-22 18:10:58,345 [INFO] com.zaxxer.hikari.HikariDataSource [main] HikariPool-1 - Start completed.
2023-01-22 18:10:58,380 [INFO] org.springframework.boot.autoconfigure.h2.H2ConsoleAutoConfiguration [main] H2 console available at '/db-console'. Database available at 'jdbc:h2:file:./db/db'
2023-01-22 18:10:58,707 [INFO] org.hibernate.jpa.internal.util.LogHelper [main] HHH000204: Processing PersistenceUnitInfo [name: default]
2023-01-22 18:10:58,853 [INFO] org.hibernate.Version [main] HHH000412: Hibernate ORM core version 6.1.6.Final
2023-01-22 18:10:59,590 [WARN] org.hibernate.orm.deprecation [main] HHH90000021: Encountered deprecated setting [javax.persistence.sharedCache.mode], use [jakarta.persistence.sharedCache.mode] instead
2023-01-22 18:11:00,501 [INFO] SQL dialect [main] HHH000400: Using dialect: org.hibernate.dialect.H2Dialect
2023-01-22 18:11:02,155 [INFO] org.hibernate.engine.transaction.jta.platform.internal.JtaPlatformInitiator [main] HHH000490: Using JtaPlatform implementation: [org.hibernate.engine.transaction.jta.platform.internal.NoJtaPlatform]
2023-01-22 18:11:02,175 [INFO] org.springframework.orm.jpa.LocalContainerEntityManagerFactoryBean [main] Initialized JPA EntityManagerFactory for persistence unit 'default'
2023-01-22 18:11:04,538 [WARN] org.springframework.boot.autoconfigure.orm.jpa.JpaBaseConfiguration$JpaWebConfiguration [main] spring.jpa.open-in-view is enabled by default. Therefore, database queries may be performed during view rendering. Explicitly configure spring.jpa.open-in-view to disable this warning
2023-01-22 18:11:06,093 [INFO] org.springframework.security.web.DefaultSecurityFilterChain [main] Will secure any request with [org.springframework.security.web.session.DisableEncodeUrlFilter@356cb230, org.springframework.security.web.context.request.async.WebAsyncManagerIntegrationFilter@50b78155, org.springframework.security.web.context.SecurityContextHolderFilter@524b1e41, org.springframework.security.web.header.HeaderWriterFilter@2284058a, org.springframework.security.web.authentication.logout.LogoutFilter@51eeae0a, org.springframework.security.oauth2.server.resource.web.authentication.BearerTokenAuthenticationFilter@33efa7d4, org.springframework.security.web.savedrequest.RequestCacheAwareFilter@d827673, org.springframework.security.web.servletapi.SecurityContextHolderAwareRequestFilter@735b1ad2, org.springframework.security.web.authentication.AnonymousAuthenticationFilter@1e284d90, org.springframework.security.web.session.SessionManagementFilter@43778d6d, org.springframework.security.web.access.ExceptionTranslationFilter@55ba4bff, org.springframework.security.web.access.intercept.AuthorizationFilter@6b888692]
2023-01-22 18:11:06,525 [INFO] org.springframework.boot.web.embedded.tomcat.TomcatWebServer [main] Tomcat started on port(s): 8080 (http) with context path ''
2023-01-22 18:11:06,541 [INFO] org.studyeasy.SpringRestdemo.SpringRestdemoApplication [main] Started SpringRestdemoApplication in 15.792 seconds (process running for 16.521)
2023-01-22 18:11:28,694 [INFO] org.apache.catalina.core.ContainerBase.[Tomcat].[localhost].[/] [http-nio-8080-exec-1] Initializing Spring DispatcherServlet 'dispatcherServlet'
2023-01-22 18:11:28,696 [INFO] org.springframework.web.servlet.DispatcherServlet [http-nio-8080-exec-1] Initializing Servlet 'dispatcherServlet'
2023-01-22 18:11:28,697 [INFO] org.springframework.web.servlet.DispatcherServlet [http-nio-8080-exec-1] Completed initialization in 1 ms
2023-01-22 18:11:28,840 [WARN] org.springframework.web.servlet.PageNotFound [http-nio-8080-exec-2] No mapping for GET /favicon.ico
2023-01-22 18:11:53,820 [INFO] org.studyeasy.SpringRestdemo.SpringRestdemoApplication [main] Starting SpringRestdemoApplication using Java 17.0.5 with PID 27280 (D:\Spring Boot RestfulApi project files\S04L07 - Build photo upload for album with thumbnails\target\classes started by chaan in D:\Spring Boot RestfulApi project files\S04L07 - Build photo upload for album with thumbnails)
2023-01-22 18:11:53,852 [DEBUG] org.studyeasy.SpringRestdemo.SpringRestdemoApplication [main] Running with Spring Boot v3.0.1, Spring v6.0.3
2023-01-22 18:11:53,855 [INFO] org.studyeasy.SpringRestdemo.SpringRestdemoApplication [main] No active profile set, falling back to 1 default profile: "default"
2023-01-22 18:11:55,487 [INFO] org.springframework.data.repository.config.RepositoryConfigurationDelegate [main] Bootstrapping Spring Data JPA repositories in DEFAULT mode.
2023-01-22 18:11:55,641 [INFO] org.springframework.data.repository.config.RepositoryConfigurationDelegate [main] Finished Spring Data repository scanning in 130 ms. Found 3 JPA repository interfaces.
2023-01-22 18:11:56,921 [INFO] org.springframework.boot.web.embedded.tomcat.TomcatWebServer [main] Tomcat initialized with port(s): 8080 (http)
2023-01-22 18:11:56,958 [INFO] org.apache.catalina.core.StandardService [main] Starting service [Tomcat]
2023-01-22 18:11:56,959 [INFO] org.apache.catalina.core.StandardEngine [main] Starting Servlet engine: [Apache Tomcat/10.1.4]
2023-01-22 18:11:57,205 [INFO] org.apache.catalina.core.ContainerBase.[Tomcat].[localhost].[/] [main] Initializing Spring embedded WebApplicationContext
2023-01-22 18:11:57,207 [INFO] org.springframework.boot.web.servlet.context.ServletWebServerApplicationContext [main] Root WebApplicationContext: initialization completed in 3257 ms
2023-01-22 18:11:57,278 [INFO] com.zaxxer.hikari.HikariDataSource [main] HikariPool-1 - Starting...
2023-01-22 18:11:57,661 [INFO] com.zaxxer.hikari.pool.HikariPool [main] HikariPool-1 - Added connection conn0: url=jdbc:h2:file:./db/db user=ADMIN
2023-01-22 18:11:57,665 [INFO] com.zaxxer.hikari.HikariDataSource [main] HikariPool-1 - Start completed.
2023-01-22 18:11:57,682 [INFO] org.springframework.boot.autoconfigure.h2.H2ConsoleAutoConfiguration [main] H2 console available at '/db-console'. Database available at 'jdbc:h2:file:./db/db'
2023-01-22 18:11:57,939 [INFO] org.hibernate.jpa.internal.util.LogHelper [main] HHH000204: Processing PersistenceUnitInfo [name: default]
2023-01-22 18:11:58,111 [INFO] org.hibernate.Version [main] HHH000412: Hibernate ORM core version 6.1.6.Final
2023-01-22 18:11:58,461 [WARN] org.hibernate.orm.deprecation [main] HHH90000021: Encountered deprecated setting [javax.persistence.sharedCache.mode], use [jakarta.persistence.sharedCache.mode] instead
2023-01-22 18:11:58,755 [INFO] SQL dialect [main] HHH000400: Using dialect: org.hibernate.dialect.H2Dialect
2023-01-22 18:12:00,276 [INFO] org.hibernate.engine.transaction.jta.platform.internal.JtaPlatformInitiator [main] HHH000490: Using JtaPlatform implementation: [org.hibernate.engine.transaction.jta.platform.internal.NoJtaPlatform]
2023-01-22 18:12:00,307 [INFO] org.springframework.orm.jpa.LocalContainerEntityManagerFactoryBean [main] Initialized JPA EntityManagerFactory for persistence unit 'default'
2023-01-22 18:12:01,807 [WARN] org.springframework.boot.autoconfigure.orm.jpa.JpaBaseConfiguration$JpaWebConfiguration [main] spring.jpa.open-in-view is enabled by default. Therefore, database queries may be performed during view rendering. Explicitly configure spring.jpa.open-in-view to disable this warning
2023-01-22 18:12:03,035 [INFO] org.springframework.security.web.DefaultSecurityFilterChain [main] Will secure any request with [org.springframework.security.web.session.DisableEncodeUrlFilter@52a8f789, org.springframework.security.web.context.request.async.WebAsyncManagerIntegrationFilter@5345552f, org.springframework.security.web.context.SecurityContextHolderFilter@44cab872, org.springframework.security.web.header.HeaderWriterFilter@4c81e7c2, org.springframework.security.web.authentication.logout.LogoutFilter@25fc2b8f, org.springframework.security.oauth2.server.resource.web.authentication.BearerTokenAuthenticationFilter@3857c5d5, org.springframework.security.web.savedrequest.RequestCacheAwareFilter@2db75e32, org.springframework.security.web.servletapi.SecurityContextHolderAwareRequestFilter@d4dbb34, org.springframework.security.web.authentication.AnonymousAuthenticationFilter@55ba4bff, org.springframework.security.web.session.SessionManagementFilter@70fe33fa, org.springframework.security.web.access.ExceptionTranslationFilter@1ece052b, org.springframework.security.web.access.intercept.AuthorizationFilter@25d87313]
2023-01-22 18:12:03,491 [INFO] org.springframework.boot.web.embedded.tomcat.TomcatWebServer [main] Tomcat started on port(s): 8080 (http) with context path ''
2023-01-22 18:12:03,512 [INFO] org.studyeasy.SpringRestdemo.SpringRestdemoApplication [main] Started SpringRestdemoApplication in 10.344 seconds (process running for 11.017)
2023-01-22 18:12:20,521 [INFO] org.apache.catalina.core.ContainerBase.[Tomcat].[localhost].[/] [http-nio-8080-exec-1] Initializing Spring DispatcherServlet 'dispatcherServlet'
2023-01-22 18:12:20,541 [INFO] org.springframework.web.servlet.DispatcherServlet [http-nio-8080-exec-1] Initializing Servlet 'dispatcherServlet'
2023-01-22 18:12:20,544 [INFO] org.springframework.web.servlet.DispatcherServlet [http-nio-8080-exec-1] Completed initialization in 2 ms
2023-01-22 18:52:34,983 [INFO] org.studyeasy.SpringRestdemo.SpringRestdemoApplication [main] Starting SpringRestdemoApplication using Java 17.0.5 with PID 3104 (D:\Spring Boot RestfulApi project files\S04L07 - Build photo upload for album with thumbnails\target\classes started by chaan in D:\Spring Boot RestfulApi project files\S04L07 - Build photo upload for album with thumbnails)
2023-01-22 18:52:34,993 [DEBUG] org.studyeasy.SpringRestdemo.SpringRestdemoApplication [main] Running with Spring Boot v3.0.1, Spring v6.0.3
2023-01-22 18:52:34,999 [INFO] org.studyeasy.SpringRestdemo.SpringRestdemoApplication [main] No active profile set, falling back to 1 default profile: "default"
2023-01-22 18:52:37,731 [INFO] org.springframework.data.repository.config.RepositoryConfigurationDelegate [main] Bootstrapping Spring Data JPA repositories in DEFAULT mode.
2023-01-22 18:52:37,886 [INFO] org.springframework.data.repository.config.RepositoryConfigurationDelegate [main] Finished Spring Data repository scanning in 122 ms. Found 3 JPA repository interfaces.
2023-01-22 18:52:39,744 [INFO] org.springframework.boot.web.embedded.tomcat.TomcatWebServer [main] Tomcat initialized with port(s): 8080 (http)
2023-01-22 18:52:39,773 [INFO] org.apache.catalina.core.StandardService [main] Starting service [Tomcat]
2023-01-22 18:52:39,776 [INFO] org.apache.catalina.core.StandardEngine [main] Starting Servlet engine: [Apache Tomcat/10.1.4]
2023-01-22 18:52:40,031 [INFO] org.apache.catalina.core.ContainerBase.[Tomcat].[localhost].[/] [main] Initializing Spring embedded WebApplicationContext
2023-01-22 18:52:40,034 [INFO] org.springframework.boot.web.servlet.context.ServletWebServerApplicationContext [main] Root WebApplicationContext: initialization completed in 4882 ms
2023-01-22 18:52:40,116 [INFO] com.zaxxer.hikari.HikariDataSource [main] HikariPool-1 - Starting...
2023-01-22 18:52:40,651 [INFO] com.zaxxer.hikari.pool.HikariPool [main] HikariPool-1 - Added connection conn0: url=jdbc:h2:file:./db/db user=ADMIN
2023-01-22 18:52:40,658 [INFO] com.zaxxer.hikari.HikariDataSource [main] HikariPool-1 - Start completed.
2023-01-22 18:52:40,687 [INFO] org.springframework.boot.autoconfigure.h2.H2ConsoleAutoConfiguration [main] H2 console available at '/db-console'. Database available at 'jdbc:h2:file:./db/db'
2023-01-22 18:52:40,970 [INFO] org.hibernate.jpa.internal.util.LogHelper [main] HHH000204: Processing PersistenceUnitInfo [name: default]
2023-01-22 18:52:41,153 [INFO] org.hibernate.Version [main] HHH000412: Hibernate ORM core version 6.1.6.Final
2023-01-22 18:52:41,664 [WARN] org.hibernate.orm.deprecation [main] HHH90000021: Encountered deprecated setting [javax.persistence.sharedCache.mode], use [jakarta.persistence.sharedCache.mode] instead
2023-01-22 18:52:42,008 [INFO] SQL dialect [main] HHH000400: Using dialect: org.hibernate.dialect.H2Dialect
2023-01-22 18:52:43,363 [INFO] org.hibernate.engine.transaction.jta.platform.internal.JtaPlatformInitiator [main] HHH000490: Using JtaPlatform implementation: [org.hibernate.engine.transaction.jta.platform.internal.NoJtaPlatform]
2023-01-22 18:52:43,376 [INFO] org.springframework.orm.jpa.LocalContainerEntityManagerFactoryBean [main] Initialized JPA EntityManagerFactory for persistence unit 'default'
2023-01-22 18:52:44,682 [WARN] org.springframework.boot.autoconfigure.orm.jpa.JpaBaseConfiguration$JpaWebConfiguration [main] spring.jpa.open-in-view is enabled by default. Therefore, database queries may be performed during view rendering. Explicitly configure spring.jpa.open-in-view to disable this warning
2023-01-22 18:52:45,924 [INFO] org.springframework.security.web.DefaultSecurityFilterChain [main] Will secure any request with [org.springframework.security.web.session.DisableEncodeUrlFilter@43778d6d, org.springframework.security.web.context.request.async.WebAsyncManagerIntegrationFilter@44ac94c2, org.springframework.security.web.context.SecurityContextHolderFilter@15324f25, org.springframework.security.web.header.HeaderWriterFilter@452a32f2, org.springframework.security.web.authentication.logout.LogoutFilter@5bbb0a25, org.springframework.security.oauth2.server.resource.web.authentication.BearerTokenAuthenticationFilter@25af1dbf, org.springframework.security.web.savedrequest.RequestCacheAwareFilter@22e650e, org.springframework.security.web.servletapi.SecurityContextHolderAwareRequestFilter@4687fee7, org.springframework.security.web.authentication.AnonymousAuthenticationFilter@19b33b0d, org.springframework.security.web.session.SessionManagementFilter@4fb42efa, org.springframework.security.web.access.ExceptionTranslationFilter@796a7c9, org.springframework.security.web.access.intercept.AuthorizationFilter@52a8f789]
2023-01-22 18:52:46,384 [INFO] org.springframework.boot.web.embedded.tomcat.TomcatWebServer [main] Tomcat started on port(s): 8080 (http) with context path ''
2023-01-22 18:52:46,400 [INFO] org.studyeasy.SpringRestdemo.SpringRestdemoApplication [main] Started SpringRestdemoApplication in 12.364 seconds (process running for 13.41)
2023-01-22 18:52:47,136 [INFO] org.apache.catalina.core.ContainerBase.[Tomcat].[localhost].[/] [http-nio-8080-exec-1] Initializing Spring DispatcherServlet 'dispatcherServlet'
2023-01-22 18:52:47,137 [INFO] org.springframework.web.servlet.DispatcherServlet [http-nio-8080-exec-1] Initializing Servlet 'dispatcherServlet'
2023-01-22 18:52:47,138 [INFO] org.springframework.web.servlet.DispatcherServlet [http-nio-8080-exec-1] Completed initialization in 0 ms
2023-01-22 18:52:48,083 [INFO] org.springdoc.api.AbstractOpenApiResource [http-nio-8080-exec-9] Init duration for springdoc-openapi is: 511 ms
