2023-02-06 04:39:21,727 [WARN] com.zaxxer.hikari.pool.HikariPool [HikariPool-1 housekeeper] HikariPool-1 - Thread starvation or clock leap detected (housekeeper delta=3h1m57s842ms545µs700ns).
2023-02-06 04:41:19,523 [INFO] org.apache.coyote.http11.Http11Processor [http-nio-8080-exec-3] Error parsing HTTP request header
 Note: further occurrences of HTTP request parsing errors will be logged at DEBUG level.
java.lang.IllegalArgumentException: Invalid character found in method name [0x94X0x090xa50x01~0x9c0xbfTk?0xa660x030xc030x9a0xa80x830xab0xba0x8c0xc10xab0x000x000x000x000xb60xd50xb20xa20xbb0x880x830xab0xba0x8c0xc20xa30xf2o0x1eI0xd90xbaL0xdb0x100x8c0xc10xab0xba0x8c0xea0x800xba0x8c0xc10xab0x920x8c0xc10xab0xba0x8c0xc10xab0xba0x8c0xc10xab0xba0x8c0xc10xab0xbb0x8d0xc10xab0xba0x8c0xd70xab0xba0x8c0xc10xab0xba0x8c0xc10xab0xba0x8c0xc10xab0xba0x8c0xc10xab0xba0x8c0xc50xab0xba0x8c0xc10xab0xba0x8c0xc10xab0x040x00...]. HTTP method names must be tokens
	at org.apache.coyote.http11.Http11InputBuffer.parseRequestLine(Http11InputBuffer.java:419)
	at org.apache.coyote.http11.Http11Processor.service(Http11Processor.java:272)
	at org.apache.coyote.AbstractProcessorLight.process(AbstractProcessorLight.java:65)
	at org.apache.coyote.AbstractProtocol$ConnectionHandler.process(AbstractProtocol.java:859)
	at org.apache.tomcat.util.net.NioEndpoint$SocketProcessor.doRun(NioEndpoint.java:1734)
	at org.apache.tomcat.util.net.SocketProcessorBase.run(SocketProcessorBase.java:52)
	at org.apache.tomcat.util.threads.ThreadPoolExecutor.runWorker(ThreadPoolExecutor.java:1191)
	at org.apache.tomcat.util.threads.ThreadPoolExecutor$Worker.run(ThreadPoolExecutor.java:659)
	at org.apache.tomcat.util.threads.TaskThread$WrappingRunnable.run(TaskThread.java:61)
	at java.base/java.lang.Thread.run(Unknown Source)
2023-02-06 12:16:21,312 [INFO] org.studyeasy.SpringRestdemo.SpringRestdemoApplication [main] Starting SpringRestdemoApplication using Java 17.0.5 with PID 22552 (D:\Spring Boot RestfulApi project files\S04L12 - Update album API\target\classes started by chaan in D:\Spring Boot RestfulApi project files\S04L12 - Update album API)
2023-02-06 12:16:21,315 [DEBUG] org.studyeasy.SpringRestdemo.SpringRestdemoApplication [main] Running with Spring Boot v3.0.1, Spring v6.0.3
2023-02-06 12:16:21,317 [INFO] org.studyeasy.SpringRestdemo.SpringRestdemoApplication [main] No active profile set, falling back to 1 default profile: "default"
2023-02-06 12:16:22,521 [INFO] org.springframework.data.repository.config.RepositoryConfigurationDelegate [main] Bootstrapping Spring Data JPA repositories in DEFAULT mode.
2023-02-06 12:16:22,613 [INFO] org.springframework.data.repository.config.RepositoryConfigurationDelegate [main] Finished Spring Data repository scanning in 76 ms. Found 3 JPA repository interfaces.
2023-02-06 12:16:23,992 [INFO] org.springframework.boot.web.embedded.tomcat.TomcatWebServer [main] Tomcat initialized with port(s): 8080 (http)
2023-02-06 12:16:24,014 [INFO] org.apache.catalina.core.StandardService [main] Starting service [Tomcat]
2023-02-06 12:16:24,015 [INFO] org.apache.catalina.core.StandardEngine [main] Starting Servlet engine: [Apache Tomcat/10.1.4]
2023-02-06 12:16:24,277 [INFO] org.apache.catalina.core.ContainerBase.[Tomcat].[localhost].[/] [main] Initializing Spring embedded WebApplicationContext
2023-02-06 12:16:24,279 [INFO] org.springframework.boot.web.servlet.context.ServletWebServerApplicationContext [main] Root WebApplicationContext: initialization completed in 2879 ms
2023-02-06 12:16:24,343 [INFO] com.zaxxer.hikari.HikariDataSource [main] HikariPool-1 - Starting...
2023-02-06 12:16:24,784 [INFO] com.zaxxer.hikari.pool.HikariPool [main] HikariPool-1 - Added connection conn0: url=jdbc:h2:file:./db/db user=ADMIN
2023-02-06 12:16:24,790 [INFO] com.zaxxer.hikari.HikariDataSource [main] HikariPool-1 - Start completed.
2023-02-06 12:16:24,822 [INFO] org.springframework.boot.autoconfigure.h2.H2ConsoleAutoConfiguration [main] H2 console available at '/db-console'. Database available at 'jdbc:h2:file:./db/db'
2023-02-06 12:16:25,068 [INFO] org.hibernate.jpa.internal.util.LogHelper [main] HHH000204: Processing PersistenceUnitInfo [name: default]
2023-02-06 12:16:25,157 [INFO] org.hibernate.Version [main] HHH000412: Hibernate ORM core version 6.1.6.Final
2023-02-06 12:16:25,423 [WARN] org.hibernate.orm.deprecation [main] HHH90000021: Encountered deprecated setting [javax.persistence.sharedCache.mode], use [jakarta.persistence.sharedCache.mode] instead
2023-02-06 12:16:25,643 [INFO] SQL dialect [main] HHH000400: Using dialect: org.hibernate.dialect.H2Dialect
2023-02-06 12:16:26,687 [INFO] org.hibernate.engine.transaction.jta.platform.internal.JtaPlatformInitiator [main] HHH000490: Using JtaPlatform implementation: [org.hibernate.engine.transaction.jta.platform.internal.NoJtaPlatform]
2023-02-06 12:16:26,702 [INFO] org.springframework.orm.jpa.LocalContainerEntityManagerFactoryBean [main] Initialized JPA EntityManagerFactory for persistence unit 'default'
2023-02-06 12:16:28,028 [WARN] org.springframework.boot.autoconfigure.orm.jpa.JpaBaseConfiguration$JpaWebConfiguration [main] spring.jpa.open-in-view is enabled by default. Therefore, database queries may be performed during view rendering. Explicitly configure spring.jpa.open-in-view to disable this warning
2023-02-06 12:16:29,016 [INFO] org.springframework.security.web.DefaultSecurityFilterChain [main] Will secure any request with [org.springframework.security.web.session.DisableEncodeUrlFilter@61a17f3, org.springframework.security.web.context.request.async.WebAsyncManagerIntegrationFilter@352d3749, org.springframework.security.web.context.SecurityContextHolderFilter@5b11d0d8, org.springframework.security.web.header.HeaderWriterFilter@77a1df4d, org.springframework.security.web.authentication.logout.LogoutFilter@5f1dadf4, org.springframework.security.oauth2.server.resource.web.authentication.BearerTokenAuthenticationFilter@6b888692, org.springframework.security.web.savedrequest.RequestCacheAwareFilter@46ae897c, org.springframework.security.web.servletapi.SecurityContextHolderAwareRequestFilter@634d56eb, org.springframework.security.web.authentication.AnonymousAuthenticationFilter@1a3e8b68, org.springframework.security.web.session.SessionManagementFilter@55ba4bff, org.springframework.security.web.access.ExceptionTranslationFilter@213bd66a, org.springframework.security.web.access.intercept.AuthorizationFilter@603a34e5]
2023-02-06 12:16:29,313 [INFO] org.springframework.boot.web.embedded.tomcat.TomcatWebServer [main] Tomcat started on port(s): 8080 (http) with context path ''
2023-02-06 12:16:29,326 [INFO] org.studyeasy.SpringRestdemo.SpringRestdemoApplication [main] Started SpringRestdemoApplication in 8.883 seconds (process running for 10.296)
2023-02-06 12:16:39,206 [INFO] org.apache.catalina.core.ContainerBase.[Tomcat].[localhost].[/] [http-nio-8080-exec-1] Initializing Spring DispatcherServlet 'dispatcherServlet'
2023-02-06 12:16:39,207 [INFO] org.springframework.web.servlet.DispatcherServlet [http-nio-8080-exec-1] Initializing Servlet 'dispatcherServlet'
2023-02-06 12:16:39,211 [INFO] org.springframework.web.servlet.DispatcherServlet [http-nio-8080-exec-1] Completed initialization in 2 ms
2023-02-06 12:16:40,368 [INFO] org.springdoc.api.AbstractOpenApiResource [http-nio-8080-exec-8] Init duration for springdoc-openapi is: 443 ms
2023-02-06 12:35:47,391 [INFO] org.studyeasy.SpringRestdemo.SpringRestdemoApplication [main] Starting SpringRestdemoApplication using Java 17.0.5 with PID 9144 (D:\Spring Boot RestfulApi project files\S04L12 - Update album API\target\classes started by chaan in D:\Spring Boot RestfulApi project files\S04L12 - Update album API)
2023-02-06 12:35:47,394 [DEBUG] org.studyeasy.SpringRestdemo.SpringRestdemoApplication [main] Running with Spring Boot v3.0.1, Spring v6.0.3
2023-02-06 12:35:47,396 [INFO] org.studyeasy.SpringRestdemo.SpringRestdemoApplication [main] No active profile set, falling back to 1 default profile: "default"
2023-02-06 12:35:49,015 [INFO] org.springframework.data.repository.config.RepositoryConfigurationDelegate [main] Bootstrapping Spring Data JPA repositories in DEFAULT mode.
2023-02-06 12:35:49,224 [INFO] org.springframework.data.repository.config.RepositoryConfigurationDelegate [main] Finished Spring Data repository scanning in 169 ms. Found 3 JPA repository interfaces.
2023-02-06 12:35:50,914 [INFO] org.springframework.boot.web.embedded.tomcat.TomcatWebServer [main] Tomcat initialized with port(s): 8080 (http)
2023-02-06 12:35:50,933 [INFO] org.apache.catalina.core.StandardService [main] Starting service [Tomcat]
2023-02-06 12:35:50,934 [INFO] org.apache.catalina.core.StandardEngine [main] Starting Servlet engine: [Apache Tomcat/10.1.4]
2023-02-06 12:35:51,088 [INFO] org.apache.catalina.core.ContainerBase.[Tomcat].[localhost].[/] [main] Initializing Spring embedded WebApplicationContext
2023-02-06 12:35:51,089 [INFO] org.springframework.boot.web.servlet.context.ServletWebServerApplicationContext [main] Root WebApplicationContext: initialization completed in 3588 ms
2023-02-06 12:35:51,133 [INFO] com.zaxxer.hikari.HikariDataSource [main] HikariPool-1 - Starting...
2023-02-06 12:35:51,384 [INFO] com.zaxxer.hikari.pool.HikariPool [main] HikariPool-1 - Added connection conn0: url=jdbc:h2:file:./db/db user=ADMIN
2023-02-06 12:35:51,386 [INFO] com.zaxxer.hikari.HikariDataSource [main] HikariPool-1 - Start completed.
2023-02-06 12:35:51,403 [INFO] org.springframework.boot.autoconfigure.h2.H2ConsoleAutoConfiguration [main] H2 console available at '/db-console'. Database available at 'jdbc:h2:file:./db/db'
2023-02-06 12:35:51,604 [INFO] org.hibernate.jpa.internal.util.LogHelper [main] HHH000204: Processing PersistenceUnitInfo [name: default]
2023-02-06 12:35:51,695 [INFO] org.hibernate.Version [main] HHH000412: Hibernate ORM core version 6.1.6.Final
2023-02-06 12:35:51,947 [WARN] org.hibernate.orm.deprecation [main] HHH90000021: Encountered deprecated setting [javax.persistence.sharedCache.mode], use [jakarta.persistence.sharedCache.mode] instead
2023-02-06 12:35:52,189 [INFO] SQL dialect [main] HHH000400: Using dialect: org.hibernate.dialect.H2Dialect
2023-02-06 12:35:53,265 [INFO] org.hibernate.engine.transaction.jta.platform.internal.JtaPlatformInitiator [main] HHH000490: Using JtaPlatform implementation: [org.hibernate.engine.transaction.jta.platform.internal.NoJtaPlatform]
2023-02-06 12:35:53,286 [INFO] org.springframework.orm.jpa.LocalContainerEntityManagerFactoryBean [main] Initialized JPA EntityManagerFactory for persistence unit 'default'
2023-02-06 12:35:54,166 [WARN] org.springframework.boot.autoconfigure.orm.jpa.JpaBaseConfiguration$JpaWebConfiguration [main] spring.jpa.open-in-view is enabled by default. Therefore, database queries may be performed during view rendering. Explicitly configure spring.jpa.open-in-view to disable this warning
2023-02-06 12:35:55,237 [INFO] org.springframework.security.web.DefaultSecurityFilterChain [main] Will secure any request with [org.springframework.security.web.session.DisableEncodeUrlFilter@4cd7128, org.springframework.security.web.context.request.async.WebAsyncManagerIntegrationFilter@22b4ad0c, org.springframework.security.web.context.SecurityContextHolderFilter@7136ad9a, org.springframework.security.web.header.HeaderWriterFilter@70fe33fa, org.springframework.security.web.authentication.logout.LogoutFilter@471d6571, org.springframework.security.oauth2.server.resource.web.authentication.BearerTokenAuthenticationFilter@511ad0dd, org.springframework.security.web.savedrequest.RequestCacheAwareFilter@35599228, org.springframework.security.web.servletapi.SecurityContextHolderAwareRequestFilter@22e650e, org.springframework.security.web.authentication.AnonymousAuthenticationFilter@25af1dbf, org.springframework.security.web.session.SessionManagementFilter@267309f7, org.springframework.security.web.access.ExceptionTranslationFilter@7d28efd5, org.springframework.security.web.access.intercept.AuthorizationFilter@5694f6a0]
2023-02-06 12:35:55,550 [INFO] org.springframework.boot.web.embedded.tomcat.TomcatWebServer [main] Tomcat started on port(s): 8080 (http) with context path ''
2023-02-06 12:35:55,566 [INFO] org.studyeasy.SpringRestdemo.SpringRestdemoApplication [main] Started SpringRestdemoApplication in 8.756 seconds (process running for 9.51)
2023-02-06 12:40:37,370 [INFO] org.apache.catalina.core.ContainerBase.[Tomcat].[localhost].[/] [http-nio-8080-exec-1] Initializing Spring DispatcherServlet 'dispatcherServlet'
2023-02-06 12:40:37,371 [INFO] org.springframework.web.servlet.DispatcherServlet [http-nio-8080-exec-1] Initializing Servlet 'dispatcherServlet'
2023-02-06 12:40:37,373 [INFO] org.springframework.web.servlet.DispatcherServlet [http-nio-8080-exec-1] Completed initialization in 1 ms
2023-02-06 12:40:38,590 [INFO] org.springdoc.api.AbstractOpenApiResource [http-nio-8080-exec-8] Init duration for springdoc-openapi is: 835 ms
2023-02-06 14:23:00,816 [INFO] org.studyeasy.SpringRestdemo.SpringRestdemoApplication [main] Starting SpringRestdemoApplication using Java 17.0.5 with PID 13316 (D:\Spring Boot RestfulApi project files\S04L12 - Update album API\target\classes started by chaan in D:\Spring Boot RestfulApi project files\S04L12 - Update album API)
2023-02-06 14:23:00,820 [DEBUG] org.studyeasy.SpringRestdemo.SpringRestdemoApplication [main] Running with Spring Boot v3.0.1, Spring v6.0.3
2023-02-06 14:23:00,824 [INFO] org.studyeasy.SpringRestdemo.SpringRestdemoApplication [main] No active profile set, falling back to 1 default profile: "default"
2023-02-06 14:23:03,465 [INFO] org.springframework.data.repository.config.RepositoryConfigurationDelegate [main] Bootstrapping Spring Data JPA repositories in DEFAULT mode.
2023-02-06 14:23:03,542 [INFO] org.springframework.data.repository.config.RepositoryConfigurationDelegate [main] Finished Spring Data repository scanning in 68 ms. Found 3 JPA repository interfaces.
2023-02-06 14:23:04,421 [INFO] org.springframework.boot.web.embedded.tomcat.TomcatWebServer [main] Tomcat initialized with port(s): 8080 (http)
2023-02-06 14:23:04,436 [INFO] org.apache.catalina.core.StandardService [main] Starting service [Tomcat]
2023-02-06 14:23:04,437 [INFO] org.apache.catalina.core.StandardEngine [main] Starting Servlet engine: [Apache Tomcat/10.1.4]
2023-02-06 14:23:04,576 [INFO] org.apache.catalina.core.ContainerBase.[Tomcat].[localhost].[/] [main] Initializing Spring embedded WebApplicationContext
2023-02-06 14:23:04,577 [INFO] org.springframework.boot.web.servlet.context.ServletWebServerApplicationContext [main] Root WebApplicationContext: initialization completed in 3466 ms
2023-02-06 14:23:04,621 [INFO] com.zaxxer.hikari.HikariDataSource [main] HikariPool-1 - Starting...
2023-02-06 14:23:04,997 [INFO] com.zaxxer.hikari.pool.HikariPool [main] HikariPool-1 - Added connection conn0: url=jdbc:h2:file:./db/db user=ADMIN
2023-02-06 14:23:05,002 [INFO] com.zaxxer.hikari.HikariDataSource [main] HikariPool-1 - Start completed.
2023-02-06 14:23:05,030 [INFO] org.springframework.boot.autoconfigure.h2.H2ConsoleAutoConfiguration [main] H2 console available at '/db-console'. Database available at 'jdbc:h2:file:./db/db'
2023-02-06 14:23:05,418 [INFO] org.hibernate.jpa.internal.util.LogHelper [main] HHH000204: Processing PersistenceUnitInfo [name: default]
2023-02-06 14:23:05,553 [INFO] org.hibernate.Version [main] HHH000412: Hibernate ORM core version 6.1.6.Final
2023-02-06 14:23:06,043 [WARN] org.hibernate.orm.deprecation [main] HHH90000021: Encountered deprecated setting [javax.persistence.sharedCache.mode], use [jakarta.persistence.sharedCache.mode] instead
2023-02-06 14:23:06,482 [INFO] SQL dialect [main] HHH000400: Using dialect: org.hibernate.dialect.H2Dialect
2023-02-06 14:23:07,692 [INFO] org.hibernate.engine.transaction.jta.platform.internal.JtaPlatformInitiator [main] HHH000490: Using JtaPlatform implementation: [org.hibernate.engine.transaction.jta.platform.internal.NoJtaPlatform]
2023-02-06 14:23:07,717 [INFO] org.springframework.orm.jpa.LocalContainerEntityManagerFactoryBean [main] Initialized JPA EntityManagerFactory for persistence unit 'default'
2023-02-06 14:23:09,085 [WARN] org.springframework.boot.autoconfigure.orm.jpa.JpaBaseConfiguration$JpaWebConfiguration [main] spring.jpa.open-in-view is enabled by default. Therefore, database queries may be performed during view rendering. Explicitly configure spring.jpa.open-in-view to disable this warning
2023-02-06 14:23:10,798 [INFO] org.springframework.security.web.DefaultSecurityFilterChain [main] Will secure any request with [org.springframework.security.web.session.DisableEncodeUrlFilter@3d0697da, org.springframework.security.web.context.request.async.WebAsyncManagerIntegrationFilter@4b99f2ed, org.springframework.security.web.context.SecurityContextHolderFilter@634d56eb, org.springframework.security.web.header.HeaderWriterFilter@5694f6a0, org.springframework.security.web.authentication.logout.LogoutFilter@88fc9cb, org.springframework.security.oauth2.server.resource.web.authentication.BearerTokenAuthenticationFilter@fc6cac6, org.springframework.security.web.savedrequest.RequestCacheAwareFilter@22b4ad0c, org.springframework.security.web.servletapi.SecurityContextHolderAwareRequestFilter@44ac94c2, org.springframework.security.web.authentication.AnonymousAuthenticationFilter@723081a2, org.springframework.security.web.session.SessionManagementFilter@44846c76, org.springframework.security.web.access.ExceptionTranslationFilter@1188e08b, org.springframework.security.web.access.intercept.AuthorizationFilter@76c2d002]
2023-02-06 14:23:11,083 [INFO] org.springframework.boot.web.embedded.tomcat.TomcatWebServer [main] Tomcat started on port(s): 8080 (http) with context path ''
2023-02-06 14:23:11,093 [INFO] org.studyeasy.SpringRestdemo.SpringRestdemoApplication [main] Started SpringRestdemoApplication in 10.91 seconds (process running for 11.408)
2023-02-06 14:27:30,255 [INFO] org.apache.catalina.core.ContainerBase.[Tomcat].[localhost].[/] [http-nio-8080-exec-1] Initializing Spring DispatcherServlet 'dispatcherServlet'
2023-02-06 14:27:30,257 [INFO] org.springframework.web.servlet.DispatcherServlet [http-nio-8080-exec-1] Initializing Servlet 'dispatcherServlet'
2023-02-06 14:27:30,260 [INFO] org.springframework.web.servlet.DispatcherServlet [http-nio-8080-exec-1] Completed initialization in 2 ms
2023-02-06 14:27:31,870 [INFO] org.springdoc.api.AbstractOpenApiResource [http-nio-8080-exec-8] Init duration for springdoc-openapi is: 959 ms
2023-02-06 14:28:14,406 [WARN] org.springframework.web.servlet.mvc.support.DefaultHandlerExceptionResolver [http-nio-8080-exec-1] Resolved [org.springframework.web.multipart.support.MissingServletRequestPartException: Required part 'files' is not present.]
2023-02-06 14:30:26,090 [INFO] org.studyeasy.SpringRestdemo.SpringRestdemoApplication [main] Starting SpringRestdemoApplication using Java 17.0.5 with PID 9140 (D:\Spring Boot RestfulApi project files\S04L12 - Update album API\target\classes started by chaan in D:\Spring Boot RestfulApi project files\S04L12 - Update album API)
2023-02-06 14:30:26,097 [DEBUG] org.studyeasy.SpringRestdemo.SpringRestdemoApplication [main] Running with Spring Boot v3.0.1, Spring v6.0.3
2023-02-06 14:30:26,099 [INFO] org.studyeasy.SpringRestdemo.SpringRestdemoApplication [main] No active profile set, falling back to 1 default profile: "default"
2023-02-06 14:30:28,286 [INFO] org.springframework.data.repository.config.RepositoryConfigurationDelegate [main] Bootstrapping Spring Data JPA repositories in DEFAULT mode.
2023-02-06 14:30:28,477 [INFO] org.springframework.data.repository.config.RepositoryConfigurationDelegate [main] Finished Spring Data repository scanning in 160 ms. Found 3 JPA repository interfaces.
2023-02-06 14:30:29,501 [INFO] org.springframework.boot.web.embedded.tomcat.TomcatWebServer [main] Tomcat initialized with port(s): 8080 (http)
2023-02-06 14:30:29,526 [INFO] org.apache.catalina.core.StandardService [main] Starting service [Tomcat]
2023-02-06 14:30:29,527 [INFO] org.apache.catalina.core.StandardEngine [main] Starting Servlet engine: [Apache Tomcat/10.1.4]
2023-02-06 14:30:29,678 [INFO] org.apache.catalina.core.ContainerBase.[Tomcat].[localhost].[/] [main] Initializing Spring embedded WebApplicationContext
2023-02-06 14:30:29,678 [INFO] org.springframework.boot.web.servlet.context.ServletWebServerApplicationContext [main] Root WebApplicationContext: initialization completed in 3468 ms
2023-02-06 14:30:29,718 [INFO] com.zaxxer.hikari.HikariDataSource [main] HikariPool-1 - Starting...
2023-02-06 14:30:30,010 [INFO] com.zaxxer.hikari.pool.HikariPool [main] HikariPool-1 - Added connection conn0: url=jdbc:h2:file:./db/db user=ADMIN
2023-02-06 14:30:30,012 [INFO] com.zaxxer.hikari.HikariDataSource [main] HikariPool-1 - Start completed.
2023-02-06 14:30:30,029 [INFO] org.springframework.boot.autoconfigure.h2.H2ConsoleAutoConfiguration [main] H2 console available at '/db-console'. Database available at 'jdbc:h2:file:./db/db'
2023-02-06 14:30:30,243 [INFO] org.hibernate.jpa.internal.util.LogHelper [main] HHH000204: Processing PersistenceUnitInfo [name: default]
2023-02-06 14:30:30,328 [INFO] org.hibernate.Version [main] HHH000412: Hibernate ORM core version 6.1.6.Final
2023-02-06 14:30:30,599 [WARN] org.hibernate.orm.deprecation [main] HHH90000021: Encountered deprecated setting [javax.persistence.sharedCache.mode], use [jakarta.persistence.sharedCache.mode] instead
2023-02-06 14:30:30,887 [INFO] SQL dialect [main] HHH000400: Using dialect: org.hibernate.dialect.H2Dialect
2023-02-06 14:30:32,923 [INFO] org.hibernate.engine.transaction.jta.platform.internal.JtaPlatformInitiator [main] HHH000490: Using JtaPlatform implementation: [org.hibernate.engine.transaction.jta.platform.internal.NoJtaPlatform]
2023-02-06 14:30:32,936 [INFO] org.springframework.orm.jpa.LocalContainerEntityManagerFactoryBean [main] Initialized JPA EntityManagerFactory for persistence unit 'default'
2023-02-06 14:30:34,066 [WARN] org.springframework.boot.autoconfigure.orm.jpa.JpaBaseConfiguration$JpaWebConfiguration [main] spring.jpa.open-in-view is enabled by default. Therefore, database queries may be performed during view rendering. Explicitly configure spring.jpa.open-in-view to disable this warning
2023-02-06 14:30:35,393 [INFO] org.springframework.security.web.DefaultSecurityFilterChain [main] Will secure any request with [org.springframework.security.web.session.DisableEncodeUrlFilter@5b11d0d8, org.springframework.security.web.context.request.async.WebAsyncManagerIntegrationFilter@5cf39df6, org.springframework.security.web.context.SecurityContextHolderFilter@1a1c308b, org.springframework.security.web.header.HeaderWriterFilter@294b045b, org.springframework.security.web.authentication.logout.LogoutFilter@5bbf3869, org.springframework.security.oauth2.server.resource.web.authentication.BearerTokenAuthenticationFilter@3705a85c, org.springframework.security.web.savedrequest.RequestCacheAwareFilter@7af2ee23, org.springframework.security.web.servletapi.SecurityContextHolderAwareRequestFilter@2b69ff13, org.springframework.security.web.authentication.AnonymousAuthenticationFilter@46ae897c, org.springframework.security.web.session.SessionManagementFilter@2db75e32, org.springframework.security.web.access.ExceptionTranslationFilter@62cf873a, org.springframework.security.web.access.intercept.AuthorizationFilter@5692863]
2023-02-06 14:30:36,006 [INFO] org.springframework.boot.web.embedded.tomcat.TomcatWebServer [main] Tomcat started on port(s): 8080 (http) with context path ''
2023-02-06 14:30:36,028 [INFO] org.studyeasy.SpringRestdemo.SpringRestdemoApplication [main] Started SpringRestdemoApplication in 10.644 seconds (process running for 11.145)
2023-02-06 14:30:37,925 [INFO] org.apache.catalina.core.ContainerBase.[Tomcat].[localhost].[/] [http-nio-8080-exec-1] Initializing Spring DispatcherServlet 'dispatcherServlet'
2023-02-06 14:30:37,925 [INFO] org.springframework.web.servlet.DispatcherServlet [http-nio-8080-exec-1] Initializing Servlet 'dispatcherServlet'
2023-02-06 14:30:37,926 [INFO] org.springframework.web.servlet.DispatcherServlet [http-nio-8080-exec-1] Completed initialization in 0 ms
2023-02-06 14:30:38,832 [INFO] org.springdoc.api.AbstractOpenApiResource [http-nio-8080-exec-9] Init duration for springdoc-openapi is: 430 ms
2023-02-06 14:32:12,204 [INFO] org.studyeasy.SpringRestdemo.SpringRestdemoApplication [main] Starting SpringRestdemoApplication using Java 17.0.5 with PID 23252 (D:\Spring Boot RestfulApi project files\S04L12 - Update album API\target\classes started by chaan in D:\Spring Boot RestfulApi project files\S04L12 - Update album API)
2023-02-06 14:32:12,208 [DEBUG] org.studyeasy.SpringRestdemo.SpringRestdemoApplication [main] Running with Spring Boot v3.0.1, Spring v6.0.3
2023-02-06 14:32:12,210 [INFO] org.studyeasy.SpringRestdemo.SpringRestdemoApplication [main] No active profile set, falling back to 1 default profile: "default"
2023-02-06 14:32:13,734 [INFO] org.springframework.data.repository.config.RepositoryConfigurationDelegate [main] Bootstrapping Spring Data JPA repositories in DEFAULT mode.
2023-02-06 14:32:13,827 [INFO] org.springframework.data.repository.config.RepositoryConfigurationDelegate [main] Finished Spring Data repository scanning in 81 ms. Found 3 JPA repository interfaces.
2023-02-06 14:32:14,831 [INFO] org.springframework.boot.web.embedded.tomcat.TomcatWebServer [main] Tomcat initialized with port(s): 8080 (http)
2023-02-06 14:32:14,845 [INFO] org.apache.catalina.core.StandardService [main] Starting service [Tomcat]
2023-02-06 14:32:14,846 [INFO] org.apache.catalina.core.StandardEngine [main] Starting Servlet engine: [Apache Tomcat/10.1.4]
2023-02-06 14:32:15,013 [INFO] org.apache.catalina.core.ContainerBase.[Tomcat].[localhost].[/] [main] Initializing Spring embedded WebApplicationContext
2023-02-06 14:32:15,014 [INFO] org.springframework.boot.web.servlet.context.ServletWebServerApplicationContext [main] Root WebApplicationContext: initialization completed in 2695 ms
2023-02-06 14:32:15,075 [INFO] com.zaxxer.hikari.HikariDataSource [main] HikariPool-1 - Starting...
2023-02-06 14:32:15,402 [INFO] com.zaxxer.hikari.pool.HikariPool [main] HikariPool-1 - Added connection conn0: url=jdbc:h2:file:./db/db user=ADMIN
2023-02-06 14:32:15,405 [INFO] com.zaxxer.hikari.HikariDataSource [main] HikariPool-1 - Start completed.
2023-02-06 14:32:15,421 [INFO] org.springframework.boot.autoconfigure.h2.H2ConsoleAutoConfiguration [main] H2 console available at '/db-console'. Database available at 'jdbc:h2:file:./db/db'
2023-02-06 14:32:15,640 [INFO] org.hibernate.jpa.internal.util.LogHelper [main] HHH000204: Processing PersistenceUnitInfo [name: default]
2023-02-06 14:32:15,732 [INFO] org.hibernate.Version [main] HHH000412: Hibernate ORM core version 6.1.6.Final
2023-02-06 14:32:16,065 [WARN] org.hibernate.orm.deprecation [main] HHH90000021: Encountered deprecated setting [javax.persistence.sharedCache.mode], use [jakarta.persistence.sharedCache.mode] instead
2023-02-06 14:32:16,283 [INFO] SQL dialect [main] HHH000400: Using dialect: org.hibernate.dialect.H2Dialect
2023-02-06 14:32:17,360 [INFO] org.hibernate.engine.transaction.jta.platform.internal.JtaPlatformInitiator [main] HHH000490: Using JtaPlatform implementation: [org.hibernate.engine.transaction.jta.platform.internal.NoJtaPlatform]
2023-02-06 14:32:17,372 [INFO] org.springframework.orm.jpa.LocalContainerEntityManagerFactoryBean [main] Initialized JPA EntityManagerFactory for persistence unit 'default'
2023-02-06 14:32:18,401 [WARN] org.springframework.boot.autoconfigure.orm.jpa.JpaBaseConfiguration$JpaWebConfiguration [main] spring.jpa.open-in-view is enabled by default. Therefore, database queries may be performed during view rendering. Explicitly configure spring.jpa.open-in-view to disable this warning
2023-02-06 14:32:19,584 [INFO] org.springframework.security.web.DefaultSecurityFilterChain [main] Will secure any request with [org.springframework.security.web.session.DisableEncodeUrlFilter@6414eb98, org.springframework.security.web.context.request.async.WebAsyncManagerIntegrationFilter@61a17f3, org.springframework.security.web.context.SecurityContextHolderFilter@2284058a, org.springframework.security.web.header.HeaderWriterFilter@5692863, org.springframework.security.web.authentication.logout.LogoutFilter@a5df98c, org.springframework.security.oauth2.server.resource.web.authentication.BearerTokenAuthenticationFilter@1e65c4d, org.springframework.security.web.savedrequest.RequestCacheAwareFilter@5cf39df6, org.springframework.security.web.servletapi.SecurityContextHolderAwareRequestFilter@511ad0dd, org.springframework.security.web.authentication.AnonymousAuthenticationFilter@352d3749, org.springframework.security.web.session.SessionManagementFilter@5345552f, org.springframework.security.web.access.ExceptionTranslationFilter@471d6571, org.springframework.security.web.access.intercept.AuthorizationFilter@39a1c200]
2023-02-06 14:32:20,038 [INFO] org.springframework.boot.web.embedded.tomcat.TomcatWebServer [main] Tomcat started on port(s): 8080 (http) with context path ''
2023-02-06 14:32:20,054 [INFO] org.studyeasy.SpringRestdemo.SpringRestdemoApplication [main] Started SpringRestdemoApplication in 8.607 seconds (process running for 9.209)
2023-02-06 14:37:51,972 [INFO] org.apache.catalina.core.ContainerBase.[Tomcat].[localhost].[/] [http-nio-8080-exec-1] Initializing Spring DispatcherServlet 'dispatcherServlet'
2023-02-06 14:37:51,972 [INFO] org.springframework.web.servlet.DispatcherServlet [http-nio-8080-exec-1] Initializing Servlet 'dispatcherServlet'
2023-02-06 14:37:51,974 [INFO] org.springframework.web.servlet.DispatcherServlet [http-nio-8080-exec-1] Completed initialization in 1 ms
2023-02-06 14:37:52,936 [INFO] org.springdoc.api.AbstractOpenApiResource [http-nio-8080-exec-8] Init duration for springdoc-openapi is: 550 ms
