2023-01-12 13:08:56,916 [INFO] org.studyeasy.SpringRestdemo.SpringRestdemoApplication [main] Starting SpringRestdemoApplication using Java 17.0.5 with PID 10444 (D:\Spring Boot RestfulApi project files\S03L09 - Spring boot Auth Controller, Update Authorities\target\classes started by chaan in D:\Spring Boot RestfulApi project files\S03L09 - Spring boot Auth Controller, Update Authorities)
2023-01-12 13:08:56,930 [DEBUG] org.studyeasy.SpringRestdemo.SpringRestdemoApplication [main] Running with Spring Boot v3.0.1, Spring v6.0.3
2023-01-12 13:08:56,931 [INFO] org.studyeasy.SpringRestdemo.SpringRestdemoApplication [main] No active profile set, falling back to 1 default profile: "default"
2023-01-12 13:08:58,296 [INFO] org.springframework.data.repository.config.RepositoryConfigurationDelegate [main] Bootstrapping Spring Data JPA repositories in DEFAULT mode.
2023-01-12 13:08:58,378 [INFO] org.springframework.data.repository.config.RepositoryConfigurationDelegate [main] Finished Spring Data repository scanning in 69 ms. Found 1 JPA repository interfaces.
2023-01-12 13:08:59,251 [INFO] org.springframework.boot.web.embedded.tomcat.TomcatWebServer [main] Tomcat initialized with port(s): 8080 (http)
2023-01-12 13:08:59,269 [INFO] org.apache.catalina.core.StandardService [main] Starting service [Tomcat]
2023-01-12 13:08:59,269 [INFO] org.apache.catalina.core.StandardEngine [main] Starting Servlet engine: [Apache Tomcat/10.1.4]
2023-01-12 13:08:59,448 [INFO] org.apache.catalina.core.ContainerBase.[Tomcat].[localhost].[/] [main] Initializing Spring embedded WebApplicationContext
2023-01-12 13:08:59,449 [INFO] org.springframework.boot.web.servlet.context.ServletWebServerApplicationContext [main] Root WebApplicationContext: initialization completed in 2417 ms
2023-01-12 13:08:59,499 [INFO] com.zaxxer.hikari.HikariDataSource [main] HikariPool-1 - Starting...
2023-01-12 13:08:59,789 [INFO] com.zaxxer.hikari.pool.HikariPool [main] HikariPool-1 - Added connection conn0: url=jdbc:h2:file:./db/db user=ADMIN
2023-01-12 13:08:59,792 [INFO] com.zaxxer.hikari.HikariDataSource [main] HikariPool-1 - Start completed.
2023-01-12 13:08:59,814 [INFO] org.springframework.boot.autoconfigure.h2.H2ConsoleAutoConfiguration [main] H2 console available at '/db-console'. Database available at 'jdbc:h2:file:./db/db'
2023-01-12 13:09:00,017 [INFO] org.hibernate.jpa.internal.util.LogHelper [main] HHH000204: Processing PersistenceUnitInfo [name: default]
2023-01-12 13:09:00,130 [INFO] org.hibernate.Version [main] HHH000412: Hibernate ORM core version 6.1.6.Final
2023-01-12 13:09:00,404 [WARN] org.hibernate.orm.deprecation [main] HHH90000021: Encountered deprecated setting [javax.persistence.sharedCache.mode], use [jakarta.persistence.sharedCache.mode] instead
2023-01-12 13:09:00,633 [INFO] SQL dialect [main] HHH000400: Using dialect: org.hibernate.dialect.H2Dialect
2023-01-12 13:09:01,469 [INFO] org.hibernate.engine.transaction.jta.platform.internal.JtaPlatformInitiator [main] HHH000490: Using JtaPlatform implementation: [org.hibernate.engine.transaction.jta.platform.internal.NoJtaPlatform]
2023-01-12 13:09:01,480 [INFO] org.springframework.orm.jpa.LocalContainerEntityManagerFactoryBean [main] Initialized JPA EntityManagerFactory for persistence unit 'default'
2023-01-12 13:09:02,515 [WARN] org.springframework.boot.autoconfigure.orm.jpa.JpaBaseConfiguration$JpaWebConfiguration [main] spring.jpa.open-in-view is enabled by default. Therefore, database queries may be performed during view rendering. Explicitly configure spring.jpa.open-in-view to disable this warning
2023-01-12 13:09:03,603 [INFO] org.springframework.security.web.DefaultSecurityFilterChain [main] Will secure any request with [org.springframework.security.web.session.DisableEncodeUrlFilter@22a8e87b, org.springframework.security.web.context.request.async.WebAsyncManagerIntegrationFilter@b8c6406, org.springframework.security.web.context.SecurityContextHolderFilter@714d7c7b, org.springframework.security.web.header.HeaderWriterFilter@ad6255e, org.springframework.security.web.authentication.logout.LogoutFilter@27caa186, org.springframework.security.oauth2.server.resource.web.authentication.BearerTokenAuthenticationFilter@e7ddf8d, org.springframework.security.web.savedrequest.RequestCacheAwareFilter@99948fe, org.springframework.security.web.servletapi.SecurityContextHolderAwareRequestFilter@d164938, org.springframework.security.web.authentication.AnonymousAuthenticationFilter@6bed434d, org.springframework.security.web.session.SessionManagementFilter@22942eff, org.springframework.security.web.access.ExceptionTranslationFilter@6b8cdc4, org.springframework.security.web.access.intercept.AuthorizationFilter@1c0a143]
2023-01-12 13:09:03,943 [INFO] org.springframework.boot.web.embedded.tomcat.TomcatWebServer [main] Tomcat started on port(s): 8080 (http) with context path ''
2023-01-12 13:09:03,956 [INFO] org.studyeasy.SpringRestdemo.SpringRestdemoApplication [main] Started SpringRestdemoApplication in 7.599 seconds (process running for 8.088)
2023-01-12 13:09:16,119 [INFO] org.apache.catalina.core.ContainerBase.[Tomcat].[localhost].[/] [http-nio-8080-exec-1] Initializing Spring DispatcherServlet 'dispatcherServlet'
2023-01-12 13:09:16,119 [INFO] org.springframework.web.servlet.DispatcherServlet [http-nio-8080-exec-1] Initializing Servlet 'dispatcherServlet'
2023-01-12 13:09:16,121 [INFO] org.springframework.web.servlet.DispatcherServlet [http-nio-8080-exec-1] Completed initialization in 1 ms
2023-01-12 13:09:16,770 [INFO] org.springdoc.api.AbstractOpenApiResource [http-nio-8080-exec-8] Init duration for springdoc-openapi is: 321 ms
2023-01-12 13:23:41,194 [INFO] org.studyeasy.SpringRestdemo.SpringRestdemoApplication [main] Starting SpringRestdemoApplication using Java 17.0.5 with PID 20400 (D:\Spring Boot RestfulApi project files\S03L09 - Spring boot Auth Controller, Update Authorities\target\classes started by chaan in D:\Spring Boot RestfulApi project files\S03L09 - Spring boot Auth Controller, Update Authorities)
2023-01-12 13:23:41,202 [DEBUG] org.studyeasy.SpringRestdemo.SpringRestdemoApplication [main] Running with Spring Boot v3.0.1, Spring v6.0.3
2023-01-12 13:23:41,206 [INFO] org.studyeasy.SpringRestdemo.SpringRestdemoApplication [main] No active profile set, falling back to 1 default profile: "default"
2023-01-12 13:23:43,102 [INFO] org.springframework.data.repository.config.RepositoryConfigurationDelegate [main] Bootstrapping Spring Data JPA repositories in DEFAULT mode.
2023-01-12 13:23:43,257 [INFO] org.springframework.data.repository.config.RepositoryConfigurationDelegate [main] Finished Spring Data repository scanning in 132 ms. Found 1 JPA repository interfaces.
2023-01-12 13:23:44,433 [INFO] org.springframework.boot.web.embedded.tomcat.TomcatWebServer [main] Tomcat initialized with port(s): 8080 (http)
2023-01-12 13:23:44,462 [INFO] org.apache.catalina.core.StandardService [main] Starting service [Tomcat]
2023-01-12 13:23:44,464 [INFO] org.apache.catalina.core.StandardEngine [main] Starting Servlet engine: [Apache Tomcat/10.1.4]
2023-01-12 13:23:44,630 [INFO] org.apache.catalina.core.ContainerBase.[Tomcat].[localhost].[/] [main] Initializing Spring embedded WebApplicationContext
2023-01-12 13:23:44,631 [INFO] org.springframework.boot.web.servlet.context.ServletWebServerApplicationContext [main] Root WebApplicationContext: initialization completed in 3293 ms
2023-01-12 13:23:44,700 [INFO] com.zaxxer.hikari.HikariDataSource [main] HikariPool-1 - Starting...
2023-01-12 13:23:45,072 [INFO] com.zaxxer.hikari.pool.HikariPool [main] HikariPool-1 - Added connection conn0: url=jdbc:h2:file:./db/db user=ADMIN
2023-01-12 13:23:45,078 [INFO] com.zaxxer.hikari.HikariDataSource [main] HikariPool-1 - Start completed.
2023-01-12 13:23:45,101 [INFO] org.springframework.boot.autoconfigure.h2.H2ConsoleAutoConfiguration [main] H2 console available at '/db-console'. Database available at 'jdbc:h2:file:./db/db'
2023-01-12 13:23:45,333 [INFO] org.hibernate.jpa.internal.util.LogHelper [main] HHH000204: Processing PersistenceUnitInfo [name: default]
2023-01-12 13:23:45,465 [INFO] org.hibernate.Version [main] HHH000412: Hibernate ORM core version 6.1.6.Final
2023-01-12 13:23:45,926 [WARN] org.hibernate.orm.deprecation [main] HHH90000021: Encountered deprecated setting [javax.persistence.sharedCache.mode], use [jakarta.persistence.sharedCache.mode] instead
2023-01-12 13:23:46,220 [INFO] SQL dialect [main] HHH000400: Using dialect: org.hibernate.dialect.H2Dialect
2023-01-12 13:23:47,513 [INFO] org.hibernate.engine.transaction.jta.platform.internal.JtaPlatformInitiator [main] HHH000490: Using JtaPlatform implementation: [org.hibernate.engine.transaction.jta.platform.internal.NoJtaPlatform]
2023-01-12 13:23:47,531 [INFO] org.springframework.orm.jpa.LocalContainerEntityManagerFactoryBean [main] Initialized JPA EntityManagerFactory for persistence unit 'default'
2023-01-12 13:23:49,016 [WARN] org.springframework.boot.autoconfigure.orm.jpa.JpaBaseConfiguration$JpaWebConfiguration [main] spring.jpa.open-in-view is enabled by default. Therefore, database queries may be performed during view rendering. Explicitly configure spring.jpa.open-in-view to disable this warning
2023-01-12 13:23:50,745 [INFO] org.springframework.security.web.DefaultSecurityFilterChain [main] Will secure any request with [org.springframework.security.web.session.DisableEncodeUrlFilter@1e7797db, org.springframework.security.web.context.request.async.WebAsyncManagerIntegrationFilter@4402ed61, org.springframework.security.web.context.SecurityContextHolderFilter@43735ea0, org.springframework.security.web.header.HeaderWriterFilter@5978ba12, org.springframework.security.web.authentication.logout.LogoutFilter@2bd158ea, org.springframework.security.oauth2.server.resource.web.authentication.BearerTokenAuthenticationFilter@488c6c98, org.springframework.security.web.savedrequest.RequestCacheAwareFilter@578781f7, org.springframework.security.web.servletapi.SecurityContextHolderAwareRequestFilter@4fe3199d, org.springframework.security.web.authentication.AnonymousAuthenticationFilter@6fc1a1d5, org.springframework.security.web.session.SessionManagementFilter@4abb4041, org.springframework.security.web.access.ExceptionTranslationFilter@3093161a, org.springframework.security.web.access.intercept.AuthorizationFilter@5e1e19af]
2023-01-12 13:23:51,218 [INFO] org.springframework.boot.web.embedded.tomcat.TomcatWebServer [main] Tomcat started on port(s): 8080 (http) with context path ''
2023-01-12 13:23:51,250 [INFO] org.studyeasy.SpringRestdemo.SpringRestdemoApplication [main] Started SpringRestdemoApplication in 10.877 seconds (process running for 11.6)
2023-01-12 13:23:53,141 [INFO] org.apache.catalina.core.ContainerBase.[Tomcat].[localhost].[/] [http-nio-8080-exec-1] Initializing Spring DispatcherServlet 'dispatcherServlet'
2023-01-12 13:23:53,142 [INFO] org.springframework.web.servlet.DispatcherServlet [http-nio-8080-exec-1] Initializing Servlet 'dispatcherServlet'
2023-01-12 13:23:53,144 [INFO] org.springframework.web.servlet.DispatcherServlet [http-nio-8080-exec-1] Completed initialization in 1 ms
2023-01-12 13:23:53,991 [INFO] org.springdoc.api.AbstractOpenApiResource [http-nio-8080-exec-8] Init duration for springdoc-openapi is: 415 ms
