2023-02-12 22:01:52,344 [INFO] org.studyeasy.SpringRestdemo.SpringRestdemoApplication [main] Starting SpringRestdemoApplication using Java 17.0.5 with PID 4644 (D:\Spring Boot RestfulApi project files\S04L15 - Delete photo API\target\classes started by chaan in D:\Spring Boot RestfulApi project files\S04L15 - Delete photo API)
2023-02-12 22:01:52,358 [DEBUG] org.studyeasy.SpringRestdemo.SpringRestdemoApplication [main] Running with Spring Boot v3.0.1, Spring v6.0.3
2023-02-12 22:01:52,360 [INFO] org.studyeasy.SpringRestdemo.SpringRestdemoApplication [main] No active profile set, falling back to 1 default profile: "default"
2023-02-12 22:01:54,253 [INFO] org.springframework.data.repository.config.RepositoryConfigurationDelegate [main] Bootstrapping Spring Data JPA repositories in DEFAULT mode.
2023-02-12 22:01:54,344 [INFO] org.springframework.data.repository.config.RepositoryConfigurationDelegate [main] Finished Spring Data repository scanning in 77 ms. Found 3 JPA repository interfaces.
2023-02-12 22:01:55,690 [INFO] org.springframework.boot.web.embedded.tomcat.TomcatWebServer [main] Tomcat initialized with port(s): 8080 (http)
2023-02-12 22:01:55,710 [INFO] org.apache.catalina.core.StandardService [main] Starting service [Tomcat]
2023-02-12 22:01:55,712 [INFO] org.apache.catalina.core.StandardEngine [main] Starting Servlet engine: [Apache Tomcat/10.1.4]
2023-02-12 22:01:55,905 [INFO] org.apache.catalina.core.ContainerBase.[Tomcat].[localhost].[/] [main] Initializing Spring embedded WebApplicationContext
2023-02-12 22:01:55,906 [INFO] org.springframework.boot.web.servlet.context.ServletWebServerApplicationContext [main] Root WebApplicationContext: initialization completed in 3442 ms
2023-02-12 22:01:55,965 [INFO] com.zaxxer.hikari.HikariDataSource [main] HikariPool-1 - Starting...
2023-02-12 22:01:56,444 [INFO] com.zaxxer.hikari.pool.HikariPool [main] HikariPool-1 - Added connection conn0: url=jdbc:h2:file:./db/db user=ADMIN
2023-02-12 22:01:56,447 [INFO] com.zaxxer.hikari.HikariDataSource [main] HikariPool-1 - Start completed.
2023-02-12 22:01:56,467 [INFO] org.springframework.boot.autoconfigure.h2.H2ConsoleAutoConfiguration [main] H2 console available at '/db-console'. Database available at 'jdbc:h2:file:./db/db'
2023-02-12 22:01:56,680 [INFO] org.hibernate.jpa.internal.util.LogHelper [main] HHH000204: Processing PersistenceUnitInfo [name: default]
2023-02-12 22:01:56,871 [INFO] org.hibernate.Version [main] HHH000412: Hibernate ORM core version 6.1.6.Final
2023-02-12 22:01:57,223 [WARN] org.hibernate.orm.deprecation [main] HHH90000021: Encountered deprecated setting [javax.persistence.sharedCache.mode], use [jakarta.persistence.sharedCache.mode] instead
2023-02-12 22:01:57,557 [INFO] SQL dialect [main] HHH000400: Using dialect: org.hibernate.dialect.H2Dialect
2023-02-12 22:01:58,917 [INFO] org.hibernate.engine.transaction.jta.platform.internal.JtaPlatformInitiator [main] HHH000490: Using JtaPlatform implementation: [org.hibernate.engine.transaction.jta.platform.internal.NoJtaPlatform]
2023-02-12 22:01:58,928 [INFO] org.springframework.orm.jpa.LocalContainerEntityManagerFactoryBean [main] Initialized JPA EntityManagerFactory for persistence unit 'default'
2023-02-12 22:01:59,982 [WARN] org.springframework.boot.autoconfigure.orm.jpa.JpaBaseConfiguration$JpaWebConfiguration [main] spring.jpa.open-in-view is enabled by default. Therefore, database queries may be performed during view rendering. Explicitly configure spring.jpa.open-in-view to disable this warning
2023-02-12 22:02:01,289 [INFO] org.springframework.security.web.DefaultSecurityFilterChain [main] Will secure any request with [org.springframework.security.web.session.DisableEncodeUrlFilter@735b1ad2, org.springframework.security.web.context.request.async.WebAsyncManagerIntegrationFilter@34893693, org.springframework.security.web.context.SecurityContextHolderFilter@1067bc4c, org.springframework.security.web.header.HeaderWriterFilter@46878216, org.springframework.security.web.authentication.logout.LogoutFilter@52a8f789, org.springframework.security.oauth2.server.resource.web.authentication.BearerTokenAuthenticationFilter@7daf167, org.springframework.security.web.savedrequest.RequestCacheAwareFilter@5de6c7d7, org.springframework.security.web.servletapi.SecurityContextHolderAwareRequestFilter@59301546, org.springframework.security.web.authentication.AnonymousAuthenticationFilter@6408a8ac, org.springframework.security.web.session.SessionManagementFilter@4687fee7, org.springframework.security.web.access.ExceptionTranslationFilter@5d10e2b6, org.springframework.security.web.access.intercept.AuthorizationFilter@1146e32e]
2023-02-12 22:02:01,733 [INFO] org.springframework.boot.web.embedded.tomcat.TomcatWebServer [main] Tomcat started on port(s): 8080 (http) with context path ''
2023-02-12 22:02:01,747 [INFO] org.studyeasy.SpringRestdemo.SpringRestdemoApplication [main] Started SpringRestdemoApplication in 10.145 seconds (process running for 10.743)
2023-02-12 22:02:04,364 [INFO] org.apache.catalina.core.ContainerBase.[Tomcat].[localhost].[/] [http-nio-8080-exec-1] Initializing Spring DispatcherServlet 'dispatcherServlet'
2023-02-12 22:02:04,365 [INFO] org.springframework.web.servlet.DispatcherServlet [http-nio-8080-exec-1] Initializing Servlet 'dispatcherServlet'
2023-02-12 22:02:04,367 [INFO] org.springframework.web.servlet.DispatcherServlet [http-nio-8080-exec-1] Completed initialization in 1 ms
2023-02-12 22:02:05,372 [INFO] org.springdoc.api.AbstractOpenApiResource [http-nio-8080-exec-9] Init duration for springdoc-openapi is: 510 ms
2023-02-12 22:05:10,904 [INFO] org.studyeasy.SpringRestdemo.SpringRestdemoApplication [main] Starting SpringRestdemoApplication using Java 17.0.5 with PID 8104 (D:\Spring Boot RestfulApi project files\S04L15 - Delete photo API\target\classes started by chaan in D:\Spring Boot RestfulApi project files\S04L15 - Delete photo API)
2023-02-12 22:05:10,922 [DEBUG] org.studyeasy.SpringRestdemo.SpringRestdemoApplication [main] Running with Spring Boot v3.0.1, Spring v6.0.3
2023-02-12 22:05:10,926 [INFO] org.studyeasy.SpringRestdemo.SpringRestdemoApplication [main] No active profile set, falling back to 1 default profile: "default"
2023-02-12 22:05:12,457 [INFO] org.springframework.data.repository.config.RepositoryConfigurationDelegate [main] Bootstrapping Spring Data JPA repositories in DEFAULT mode.
2023-02-12 22:05:12,579 [INFO] org.springframework.data.repository.config.RepositoryConfigurationDelegate [main] Finished Spring Data repository scanning in 97 ms. Found 3 JPA repository interfaces.
2023-02-12 22:05:13,745 [INFO] org.springframework.boot.web.embedded.tomcat.TomcatWebServer [main] Tomcat initialized with port(s): 8080 (http)
2023-02-12 22:05:13,760 [INFO] org.apache.catalina.core.StandardService [main] Starting service [Tomcat]
2023-02-12 22:05:13,763 [INFO] org.apache.catalina.core.StandardEngine [main] Starting Servlet engine: [Apache Tomcat/10.1.4]
2023-02-12 22:05:13,997 [INFO] org.apache.catalina.core.ContainerBase.[Tomcat].[localhost].[/] [main] Initializing Spring embedded WebApplicationContext
2023-02-12 22:05:13,998 [INFO] org.springframework.boot.web.servlet.context.ServletWebServerApplicationContext [main] Root WebApplicationContext: initialization completed in 2986 ms
2023-02-12 22:05:14,040 [INFO] com.zaxxer.hikari.HikariDataSource [main] HikariPool-1 - Starting...
2023-02-12 22:05:14,397 [INFO] com.zaxxer.hikari.pool.HikariPool [main] HikariPool-1 - Added connection conn0: url=jdbc:h2:file:./db/db user=ADMIN
2023-02-12 22:05:14,399 [INFO] com.zaxxer.hikari.HikariDataSource [main] HikariPool-1 - Start completed.
2023-02-12 22:05:14,421 [INFO] org.springframework.boot.autoconfigure.h2.H2ConsoleAutoConfiguration [main] H2 console available at '/db-console'. Database available at 'jdbc:h2:file:./db/db'
2023-02-12 22:05:14,641 [INFO] org.hibernate.jpa.internal.util.LogHelper [main] HHH000204: Processing PersistenceUnitInfo [name: default]
2023-02-12 22:05:14,728 [INFO] org.hibernate.Version [main] HHH000412: Hibernate ORM core version 6.1.6.Final
2023-02-12 22:05:15,036 [WARN] org.hibernate.orm.deprecation [main] HHH90000021: Encountered deprecated setting [javax.persistence.sharedCache.mode], use [jakarta.persistence.sharedCache.mode] instead
2023-02-12 22:05:15,309 [INFO] SQL dialect [main] HHH000400: Using dialect: org.hibernate.dialect.H2Dialect
2023-02-12 22:05:16,517 [INFO] org.hibernate.engine.transaction.jta.platform.internal.JtaPlatformInitiator [main] HHH000490: Using JtaPlatform implementation: [org.hibernate.engine.transaction.jta.platform.internal.NoJtaPlatform]
2023-02-12 22:05:16,527 [INFO] org.springframework.orm.jpa.LocalContainerEntityManagerFactoryBean [main] Initialized JPA EntityManagerFactory for persistence unit 'default'
2023-02-12 22:05:18,045 [WARN] org.springframework.boot.autoconfigure.orm.jpa.JpaBaseConfiguration$JpaWebConfiguration [main] spring.jpa.open-in-view is enabled by default. Therefore, database queries may be performed during view rendering. Explicitly configure spring.jpa.open-in-view to disable this warning
2023-02-12 22:05:19,305 [INFO] org.springframework.security.web.DefaultSecurityFilterChain [main] Will secure any request with [org.springframework.security.web.session.DisableEncodeUrlFilter@3705a85c, org.springframework.security.web.context.request.async.WebAsyncManagerIntegrationFilter@2284058a, org.springframework.security.web.context.SecurityContextHolderFilter@1f2d0ca2, org.springframework.security.web.header.HeaderWriterFilter@62cf873a, org.springframework.security.web.authentication.logout.LogoutFilter@40f77135, org.springframework.security.oauth2.server.resource.web.authentication.BearerTokenAuthenticationFilter@5345552f, org.springframework.security.web.savedrequest.RequestCacheAwareFilter@1a1c308b, org.springframework.security.web.servletapi.SecurityContextHolderAwareRequestFilter@267309f7, org.springframework.security.web.authentication.AnonymousAuthenticationFilter@5b11d0d8, org.springframework.security.web.session.SessionManagementFilter@44cab872, org.springframework.security.web.access.ExceptionTranslationFilter@4fe8e318, org.springframework.security.web.access.intercept.AuthorizationFilter@471d6571]
2023-02-12 22:05:19,741 [INFO] org.springframework.boot.web.embedded.tomcat.TomcatWebServer [main] Tomcat started on port(s): 8080 (http) with context path ''
2023-02-12 22:05:19,752 [INFO] org.studyeasy.SpringRestdemo.SpringRestdemoApplication [main] Started SpringRestdemoApplication in 9.493 seconds (process running for 10.183)
2023-02-12 22:05:24,955 [INFO] org.apache.catalina.core.ContainerBase.[Tomcat].[localhost].[/] [http-nio-8080-exec-1] Initializing Spring DispatcherServlet 'dispatcherServlet'
2023-02-12 22:05:24,957 [INFO] org.springframework.web.servlet.DispatcherServlet [http-nio-8080-exec-1] Initializing Servlet 'dispatcherServlet'
2023-02-12 22:05:24,960 [INFO] org.springframework.web.servlet.DispatcherServlet [http-nio-8080-exec-1] Completed initialization in 1 ms
2023-02-12 22:05:25,849 [INFO] org.springdoc.api.AbstractOpenApiResource [http-nio-8080-exec-8] Init duration for springdoc-openapi is: 489 ms
