2023-02-05 12:30:06,497 [INFO] org.studyeasy.SpringRestdemo.SpringRestdemoApplication [main] Starting SpringRestdemoApplication using Java 17.0.5 with PID 18852 (D:\Spring Boot RestfulApi project files\S04L08 - Download photo API\target\classes started by chaan in D:\Spring Boot RestfulApi project files\S04L08 - Download photo API)
2023-02-05 12:30:06,517 [DEBUG] org.studyeasy.SpringRestdemo.SpringRestdemoApplication [main] Running with Spring Boot v3.0.1, Spring v6.0.3
2023-02-05 12:30:06,519 [INFO] org.studyeasy.SpringRestdemo.SpringRestdemoApplication [main] No active profile set, falling back to 1 default profile: "default"
2023-02-05 12:30:08,021 [INFO] org.springframework.data.repository.config.RepositoryConfigurationDelegate [main] Bootstrapping Spring Data JPA repositories in DEFAULT mode.
2023-02-05 12:30:08,132 [INFO] org.springframework.data.repository.config.RepositoryConfigurationDelegate [main] Finished Spring Data repository scanning in 92 ms. Found 3 JPA repository interfaces.
2023-02-05 12:30:09,171 [INFO] org.springframework.boot.web.embedded.tomcat.TomcatWebServer [main] Tomcat initialized with port(s): 8080 (http)
2023-02-05 12:30:09,189 [INFO] org.apache.catalina.core.StandardService [main] Starting service [Tomcat]
2023-02-05 12:30:09,190 [INFO] org.apache.catalina.core.StandardEngine [main] Starting Servlet engine: [Apache Tomcat/10.1.4]
2023-02-05 12:30:09,346 [INFO] org.apache.catalina.core.ContainerBase.[Tomcat].[localhost].[/] [main] Initializing Spring embedded WebApplicationContext
2023-02-05 12:30:09,347 [INFO] org.springframework.boot.web.servlet.context.ServletWebServerApplicationContext [main] Root WebApplicationContext: initialization completed in 2709 ms
2023-02-05 12:30:09,393 [INFO] com.zaxxer.hikari.HikariDataSource [main] HikariPool-1 - Starting...
2023-02-05 12:30:09,706 [INFO] com.zaxxer.hikari.pool.HikariPool [main] HikariPool-1 - Added connection conn0: url=jdbc:h2:file:./db/db user=ADMIN
2023-02-05 12:30:09,709 [INFO] com.zaxxer.hikari.HikariDataSource [main] HikariPool-1 - Start completed.
2023-02-05 12:30:09,724 [INFO] org.springframework.boot.autoconfigure.h2.H2ConsoleAutoConfiguration [main] H2 console available at '/db-console'. Database available at 'jdbc:h2:file:./db/db'
2023-02-05 12:30:09,968 [INFO] org.hibernate.jpa.internal.util.LogHelper [main] HHH000204: Processing PersistenceUnitInfo [name: default]
2023-02-05 12:30:10,067 [INFO] org.hibernate.Version [main] HHH000412: Hibernate ORM core version 6.1.6.Final
2023-02-05 12:30:10,380 [WARN] org.hibernate.orm.deprecation [main] HHH90000021: Encountered deprecated setting [javax.persistence.sharedCache.mode], use [jakarta.persistence.sharedCache.mode] instead
2023-02-05 12:30:10,657 [INFO] SQL dialect [main] HHH000400: Using dialect: org.hibernate.dialect.H2Dialect
2023-02-05 12:30:12,439 [INFO] org.hibernate.engine.transaction.jta.platform.internal.JtaPlatformInitiator [main] HHH000490: Using JtaPlatform implementation: [org.hibernate.engine.transaction.jta.platform.internal.NoJtaPlatform]
2023-02-05 12:30:12,460 [INFO] org.springframework.orm.jpa.LocalContainerEntityManagerFactoryBean [main] Initialized JPA EntityManagerFactory for persistence unit 'default'
2023-02-05 12:30:13,923 [WARN] org.springframework.boot.autoconfigure.orm.jpa.JpaBaseConfiguration$JpaWebConfiguration [main] spring.jpa.open-in-view is enabled by default. Therefore, database queries may be performed during view rendering. Explicitly configure spring.jpa.open-in-view to disable this warning
2023-02-05 12:30:15,068 [INFO] org.springframework.security.web.DefaultSecurityFilterChain [main] Will secure any request with [org.springframework.security.web.session.DisableEncodeUrlFilter@6894436e, org.springframework.security.web.context.request.async.WebAsyncManagerIntegrationFilter@3f2feab7, org.springframework.security.web.context.SecurityContextHolderFilter@34893693, org.springframework.security.web.header.HeaderWriterFilter@634d56eb, org.springframework.security.web.authentication.logout.LogoutFilter@1f4fa465, org.springframework.security.oauth2.server.resource.web.authentication.BearerTokenAuthenticationFilter@5d3d5242, org.springframework.security.web.savedrequest.RequestCacheAwareFilter@2f70d78c, org.springframework.security.web.servletapi.SecurityContextHolderAwareRequestFilter@711fbcef, org.springframework.security.web.authentication.AnonymousAuthenticationFilter@8b71052, org.springframework.security.web.session.SessionManagementFilter@7daf167, org.springframework.security.web.access.ExceptionTranslationFilter@1146e32e, org.springframework.security.web.access.intercept.AuthorizationFilter@538d2308]
2023-02-05 12:30:15,434 [INFO] org.springframework.boot.web.embedded.tomcat.TomcatWebServer [main] Tomcat started on port(s): 8080 (http) with context path ''
2023-02-05 12:30:15,445 [INFO] org.studyeasy.SpringRestdemo.SpringRestdemoApplication [main] Started SpringRestdemoApplication in 9.582 seconds (process running for 10.121)
2023-02-05 12:30:15,745 [INFO] org.apache.catalina.core.ContainerBase.[Tomcat].[localhost].[/] [http-nio-8080-exec-1] Initializing Spring DispatcherServlet 'dispatcherServlet'
2023-02-05 12:30:15,746 [INFO] org.springframework.web.servlet.DispatcherServlet [http-nio-8080-exec-1] Initializing Servlet 'dispatcherServlet'
2023-02-05 12:30:15,748 [INFO] org.springframework.web.servlet.DispatcherServlet [http-nio-8080-exec-1] Completed initialization in 2 ms
2023-02-05 12:30:16,614 [INFO] org.springdoc.api.AbstractOpenApiResource [http-nio-8080-exec-9] Init duration for springdoc-openapi is: 448 ms
2023-02-05 12:30:27,345 [DEBUG] org.studyeasy.SpringRestdemo.controller.AlbumController [http-nio-8080-exec-10] ADD_ALBUM_ERROR: Cannot invoke "org.springframework.security.core.Authentication.getName()" because "authentication" is null
