2023-01-06 17:19:33,518 [INFO] org.studyeasy.SpringRestdemo.SpringRestdemoApplication [main] Starting SpringRestdemoApplication using Java 17.0.5 with PID 31148 (D:\Spring Boot RestfulApi project files\S03L02 - Spring boot Auth Controller, Add User api\target\classes started by chaan in D:\Spring Boot RestfulApi project files\S03L02 - Spring boot Auth Controller, Add User api)
2023-01-06 17:19:33,545 [DEBUG] org.studyeasy.SpringRestdemo.SpringRestdemoApplication [main] Running with Spring Boot v3.0.1, Spring v6.0.3
2023-01-06 17:19:33,549 [INFO] org.studyeasy.SpringRestdemo.SpringRestdemoApplication [main] No active profile set, falling back to 1 default profile: "default"
2023-01-06 17:19:37,080 [INFO] org.springframework.data.repository.config.RepositoryConfigurationDelegate [main] Bootstrapping Spring Data JPA repositories in DEFAULT mode.
2023-01-06 17:19:37,316 [INFO] org.springframework.data.repository.config.RepositoryConfigurationDelegate [main] Finished Spring Data repository scanning in 151 ms. Found 1 JPA repository interfaces.
2023-01-06 17:19:39,519 [INFO] org.springframework.boot.web.embedded.tomcat.TomcatWebServer [main] Tomcat initialized with port(s): 8080 (http)
2023-01-06 17:19:39,559 [INFO] org.apache.catalina.core.StandardService [main] Starting service [Tomcat]
2023-01-06 17:19:39,560 [INFO] org.apache.catalina.core.StandardEngine [main] Starting Servlet engine: [Apache Tomcat/10.1.4]
2023-01-06 17:19:39,898 [INFO] org.apache.catalina.core.ContainerBase.[Tomcat].[localhost].[/] [main] Initializing Spring embedded WebApplicationContext
2023-01-06 17:19:39,901 [INFO] org.springframework.boot.web.servlet.context.ServletWebServerApplicationContext [main] Root WebApplicationContext: initialization completed in 6140 ms
2023-01-06 17:19:40,000 [INFO] com.zaxxer.hikari.HikariDataSource [main] HikariPool-1 - Starting...
2023-01-06 17:19:40,569 [INFO] com.zaxxer.hikari.pool.HikariPool [main] HikariPool-1 - Added connection conn0: url=jdbc:h2:file:./db/db user=ADMIN
2023-01-06 17:19:40,572 [INFO] com.zaxxer.hikari.HikariDataSource [main] HikariPool-1 - Start completed.
2023-01-06 17:19:40,595 [INFO] org.springframework.boot.autoconfigure.h2.H2ConsoleAutoConfiguration [main] H2 console available at '/db-console'. Database available at 'jdbc:h2:file:./db/db'
2023-01-06 17:19:41,023 [INFO] org.hibernate.jpa.internal.util.LogHelper [main] HHH000204: Processing PersistenceUnitInfo [name: default]
2023-01-06 17:19:41,379 [INFO] org.hibernate.Version [main] HHH000412: Hibernate ORM core version 6.1.6.Final
2023-01-06 17:19:41,910 [WARN] org.hibernate.orm.deprecation [main] HHH90000021: Encountered deprecated setting [javax.persistence.sharedCache.mode], use [jakarta.persistence.sharedCache.mode] instead
2023-01-06 17:19:42,631 [INFO] SQL dialect [main] HHH000400: Using dialect: org.hibernate.dialect.H2Dialect
2023-01-06 17:19:45,070 [INFO] org.hibernate.engine.transaction.jta.platform.internal.JtaPlatformInitiator [main] HHH000490: Using JtaPlatform implementation: [org.hibernate.engine.transaction.jta.platform.internal.NoJtaPlatform]
2023-01-06 17:19:45,088 [INFO] org.springframework.orm.jpa.LocalContainerEntityManagerFactoryBean [main] Initialized JPA EntityManagerFactory for persistence unit 'default'
2023-01-06 17:19:48,041 [WARN] org.springframework.boot.autoconfigure.orm.jpa.JpaBaseConfiguration$JpaWebConfiguration [main] spring.jpa.open-in-view is enabled by default. Therefore, database queries may be performed during view rendering. Explicitly configure spring.jpa.open-in-view to disable this warning
2023-01-06 17:19:50,430 [INFO] org.springframework.security.web.DefaultSecurityFilterChain [main] Will secure any request with [org.springframework.security.web.session.DisableEncodeUrlFilter@4cd079fe, org.springframework.security.web.context.request.async.WebAsyncManagerIntegrationFilter@37823482, org.springframework.security.web.context.SecurityContextHolderFilter@72851503, org.springframework.security.web.header.HeaderWriterFilter@7bbd944e, org.springframework.security.web.authentication.logout.LogoutFilter@75aeec0a, org.springframework.security.oauth2.server.resource.web.authentication.BearerTokenAuthenticationFilter@4e8b36af, org.springframework.security.web.savedrequest.RequestCacheAwareFilter@1d722bff, org.springframework.security.web.servletapi.SecurityContextHolderAwareRequestFilter@2c485b3a, org.springframework.security.web.authentication.AnonymousAuthenticationFilter@202b5293, org.springframework.security.web.session.SessionManagementFilter@1181526e, org.springframework.security.web.access.ExceptionTranslationFilter@535aa7c7, org.springframework.security.web.access.intercept.AuthorizationFilter@6fc1a1d5]
2023-01-06 17:19:51,016 [INFO] org.springframework.boot.web.embedded.tomcat.TomcatWebServer [main] Tomcat started on port(s): 8080 (http) with context path ''
2023-01-06 17:19:51,034 [INFO] org.studyeasy.SpringRestdemo.SpringRestdemoApplication [main] Started SpringRestdemoApplication in 18.892 seconds (process running for 19.923)
2023-01-06 17:20:02,193 [INFO] org.apache.catalina.core.ContainerBase.[Tomcat].[localhost].[/] [http-nio-8080-exec-1] Initializing Spring DispatcherServlet 'dispatcherServlet'
2023-01-06 17:20:02,194 [INFO] org.springframework.web.servlet.DispatcherServlet [http-nio-8080-exec-1] Initializing Servlet 'dispatcherServlet'
2023-01-06 17:20:02,197 [INFO] org.springframework.web.servlet.DispatcherServlet [http-nio-8080-exec-1] Completed initialization in 2 ms
2023-01-06 17:20:03,497 [INFO] org.springdoc.api.AbstractOpenApiResource [http-nio-8080-exec-9] Init duration for springdoc-openapi is: 642 ms
